Started by user [8mha:////4JMcgApIUFlX1kidF0hslYnk0yH9rmyujIbXfZ/hgItPAAAAlx+LCAAAAAAAAP9b85aBtbiIQTGjNKU4P08vOT+vOD8nVc83PyU1x6OyILUoJzMv2y+/JJUBAhiZGBgqihhk0NSjKDWzXb3RdlLBUSYGJk8GtpzUvPSSDB8G5tKinBIGIZ+sxLJE/ZzEvHT94JKizLx0a6BxUmjGOUNodHsLgAzWEgZu/dLi1CL9xJTczDwAj6GcLcAAAAA=[0madmin
Building in workspace /var/jenkins_home/workspace/Teste Automatizado
 java -jar /var/jenkins_home/selenium-server-2.53.1.jar -htmlSuite *googlechrome http://hemovida.local.saude.gov.br /var/jenkins_home/workspace/Teste Automatizado/suite.html /var/jenkins_home/workspace/Teste Automatizado/result/results.html
[Teste Automatizado] $ java -jar /var/jenkins_home/selenium-server-2.53.1.jar -htmlSuite *googlechrome http://hemovida.local.saude.gov.br "/var/jenkins_home/workspace/Teste Automatizado/suite.html" "/var/jenkins_home/workspace/Teste Automatizado/result/results.html"
Exception in thread "main" java.lang.NoClassDefFoundError: com/google/common/collect/ImmutableMap$Builder
	at org.openqa.grid.selenium.GridLauncher.<clinit>(GridLauncher.java:53)
Caused by: java.lang.ClassNotFoundException: com.google.common.collect.ImmutableMap$Builder
	at java.net.URLClassLoader.findClass(URLClassLoader.java:382)
	at java.lang.ClassLoader.loadClass(ClassLoader.java:424)
	at sun.misc.Launcher$AppClassLoader.loadClass(Launcher.java:349)
	at java.lang.ClassLoader.loadClass(ClassLoader.java:357)
	... 1 more
Publishing Selenium report...
ERROR: Step â€˜Publish Selenium Html Reportâ€™ failed: Missing directory result/*.html
Finished: FAILURE
