Started by user [8mha:////4FN88H8RrhTBzIF+lJAjMLBc7u8Svt/xokmPCiLj+FzmAAAAlx+LCAAAAAAAAP9b85aBtbiIQTGjNKU4P08vOT+vOD8nVc83PyU1x6OyILUoJzMv2y+/JJUBAhiZGBgqihhk0NSjKDWzXb3RdlLBUSYGJk8GtpzUvPSSDB8G5tKinBIGIZ+sxLJE/ZzEvHT94JKizLx0a6BxUmjGOUNodHsLgAzWEgZu/dLi1CL9xJTczDwAj6GcLcAAAAA=[0madmin
Building in workspace /var/jenkins_home/workspace/Teste_Automatizado
[Teste_Automatizado] $ /bin/sh -xe /tmp/jenkins6376838683500885474.sh
+ /var/jenkins_home/tools/katalon/katalon -Djava.awt.headless=true --args -runMode=console -projectPath=/var/jenkins_home/workspace/Teste_Automatizado/Hemovida/Hemovida.prj -reportFolder=/var/jenkins_home/workspace/Teste_Automatizado/Hemovida/Reports -reportFileName=/var/jenkins_home/workspace/Teste_Automatizado/Hemovida/report -retry=0 -testSuitePath=Test Suites/Hemovida -browserType=Chrome
Delete folder: bin
Delete folder: Libs
Opening project file: /var/jenkins_home/workspace/Teste_Automatizado/Hemovida/Hemovida.prj
[EL Warning]: 2019-02-14 19:24:13.469--Ignoring attribute [lastRun] on class [TestSuiteEntity] as no Property was generated for it.
Request sent successfully.
Starting Groovy-Eclipse compiler resolver.  Specified compiler level: unspecified
166 2.4.7.xx-201611170128-e46 = ACTIVE
Parsing custom keywords...
Generating global variables...
Project 'Hemovida' opened

--------------------------------------------------------------------------------
Test Suites/Hemovida - Chrome - 20190214_192419..........................0/1(0%)
--------------------------------------------------------------------------------

Request sent successfully.
2019-02-14 19:24:21.226 INFO  c.k.katalon.core.main.TestSuiteExecutor  - START Test Suites/Hemovida
2019-02-14 19:24:21.255 INFO  c.k.katalon.core.main.TestSuiteExecutor  - hostName = jenkins - 4174e0809e7c
2019-02-14 19:24:21.256 INFO  c.k.katalon.core.main.TestSuiteExecutor  - os = Linux 64bit
2019-02-14 19:24:21.256 INFO  c.k.katalon.core.main.TestSuiteExecutor  - hostAddress = 172.19.0.3
2019-02-14 19:24:21.262 INFO  c.k.katalon.core.main.TestSuiteExecutor  - katalonVersion = 5.10.1.1
2019-02-14 19:24:21.496 INFO  c.k.katalon.core.main.TestCaseExecutor   - --------------------
2019-02-14 19:24:21.497 INFO  c.k.katalon.core.main.TestCaseExecutor   - START Test Cases/Login
2019-02-14 19:24:22.402 DEBUG testcase.Login                           - 1: openBrowser("http://10.10.20.107/")
2019-02-14 19:24:23.059 INFO  c.k.k.core.webui.driver.DriverFactory    - Starting 'Chrome' driver
2019-02-14 19:24:23.073 INFO  c.k.k.core.webui.driver.DriverFactory    - Action delay is set to 0 seconds
Starting ChromeDriver 2.43.600233 (523efee95e3d68b8719b3a1c83051aa63aa6b10d) on port 15450
Only local connections are allowed.
[1550172263.505][SEVERE]: bind() returned an error, errno=0: Cannot assign requested address (99)

--------------------------------------------------------------------------------
Test Suites/Hemovida - Chrome - 20190214_192419..........................0/1(0%)
--------------------------------------------------------------------------------

Feb 14, 2019 7:24:38 PM org.openqa.selenium.remote.ProtocolHandshake createSession
INFO: Detected dialect: OSS
2019-02-14 19:24:38.645 INFO  c.k.k.core.webui.driver.DriverFactory    - sessionId = 6929f79e3325bb3edd8f86aa166f830e
2019-02-14 19:24:38.669 INFO  c.k.k.core.webui.driver.DriverFactory    - browser = Chrome 72.0.3626.96
2019-02-14 19:24:38.669 INFO  c.k.k.core.webui.driver.DriverFactory    - platform = Linux
2019-02-14 19:24:38.675 INFO  c.k.k.core.webui.driver.DriverFactory    - seleniumVersion = 3.7.1
2019-02-14 19:24:38.675 INFO  c.k.k.core.webui.driver.DriverFactory    - proxyInformation = ProxyInformation{proxyOption=NO_PROXY, proxyServerType=HTTP, password=, proxyServerAddress=, proxyServerPort=0}
2019-02-14 19:24:40.365 DEBUG testcase.Login                           - 2: driver = getWebDriver()
2019-02-14 19:24:40.386 DEBUG testcase.Login                           - 3: baseUrl = "http://10.10.20.107"
2019-02-14 19:24:40.387 DEBUG testcase.Login                           - 4: selenium = new com.thoughtworks.selenium.webdriven.WebDriverBackedSelenium(driver, baseUrl)
2019-02-14 19:24:40.440 DEBUG testcase.Login                           - 5: selenium.click("id=email")
2019-02-14 19:24:40.555 DEBUG testcase.Login                           - 6: selenium.type("id=email", "wilbert.joosen@saude.gov.br")
2019-02-14 19:24:40.646 DEBUG testcase.Login                           - 7: selenium.type("id=senha", "q1w2e3r4t5")
2019-02-14 19:24:40.704 DEBUG testcase.Login                           - 8: selenium.click("id=btnAcessar")
2019-02-14 19:24:42.458 DEBUG testcase.Login                           - 9: selenium.click("//option[2]")
2019-02-14 19:24:42.567 ERROR c.k.katalon.core.main.TestCaseExecutor   - ‚ùå selenium.click("//option[2]") FAILED.
Reason:
com.thoughtworks.selenium.SeleniumException: Element //option[2] not found
	at com.thoughtworks.selenium.webdriven.ElementFinder.findElement(ElementFinder.java:93)
	at com.thoughtworks.selenium.webdriven.commands.Click.handleSeleneseCommand(Click.java:39)
	at com.thoughtworks.selenium.webdriven.commands.Click.handleSeleneseCommand(Click.java:26)
	at com.thoughtworks.selenium.webdriven.SeleneseCommand.apply(SeleneseCommand.java:36)
	at com.thoughtworks.selenium.webdriven.Timer.run(Timer.java:41)
	at com.thoughtworks.selenium.webdriven.WebDriverCommandProcessor.execute(WebDriverCommandProcessor.java:150)
	at com.thoughtworks.selenium.webdriven.WebDriverCommandProcessor.doCommand(WebDriverCommandProcessor.java:76)
	at com.thoughtworks.selenium.DefaultSelenium.click(DefaultSelenium.java:198)
	at com.thoughtworks.selenium.Selenium$click.call(Unknown Source)
	at Login.run(Login:46)
	at com.kms.katalon.core.main.ScriptEngine.run(ScriptEngine.java:194)
	at com.kms.katalon.core.main.ScriptEngine.runScriptAsRawText(ScriptEngine.java:119)
	at com.kms.katalon.core.main.TestCaseExecutor.runScript(TestCaseExecutor.java:328)
	at com.kms.katalon.core.main.TestCaseExecutor.doExecute(TestCaseExecutor.java:319)
	at com.kms.katalon.core.main.TestCaseExecutor.processExecutionPhase(TestCaseExecutor.java:298)
	at com.kms.katalon.core.main.TestCaseExecutor.accessMainPhase(TestCaseExecutor.java:290)
	at com.kms.katalon.core.main.TestCaseExecutor.execute(TestCaseExecutor.java:224)
	at com.kms.katalon.core.main.TestSuiteExecutor.accessTestCaseMainPhase(TestSuiteExecutor.java:129)
	at com.kms.katalon.core.main.TestSuiteExecutor.accessTestSuiteMainPhase(TestSuiteExecutor.java:112)
	at com.kms.katalon.core.main.TestSuiteExecutor.execute(TestSuiteExecutor.java:81)
	at com.kms.katalon.core.main.TestCaseMain.startTestSuite(TestCaseMain.java:149)
	at com.kms.katalon.core.main.TestCaseMain$startTestSuite$0.call(Unknown Source)
	at TempTestSuite1550172259484.run(TempTestSuite1550172259484.groovy:36)
Caused by: org.openqa.selenium.NoSuchElementException: Cannot find an element with the xpath: //option[2]
For documentation on this error, please visit: http://seleniumhq.org/exceptions/no_such_element.html
Build info: version: '3.7.1', revision: '8a0099a', time: '2017-11-06T21:07:36.161Z'
System info: host: '4174e0809e7c', ip: '172.19.0.3', os.name: 'Linux', os.arch: 'amd64', os.version: '4.9.125-linuxkit', java.version: '1.8.0_181'
Driver info: driver.version: unknown
	at com.thoughtworks.selenium.webdriven.ElementFinder.xpathWizardry(ElementFinder.java:143)
	at com.thoughtworks.selenium.webdriven.ElementFinder.findElementDirectlyIfNecessary(ElementFinder.java:117)
	at com.thoughtworks.selenium.webdriven.ElementFinder.findElement(ElementFinder.java:87)
	at com.thoughtworks.selenium.webdriven.commands.Click.handleSeleneseCommand(Click.java:39)
	at com.thoughtworks.selenium.webdriven.commands.Click.handleSeleneseCommand(Click.java:26)
	at com.thoughtworks.selenium.webdriven.SeleneseCommand.apply(SeleneseCommand.java:36)
	at com.thoughtworks.selenium.webdriven.Timer.run(Timer.java:41)
	at com.thoughtworks.selenium.webdriven.WebDriverCommandProcessor.execute(WebDriverCommandProcessor.java:150)
	at com.thoughtworks.selenium.webdriven.WebDriverCommandProcessor.doCommand(WebDriverCommandProcessor.java:76)
	at com.thoughtworks.selenium.DefaultSelenium.click(DefaultSelenium.java:198)
	at com.thoughtworks.selenium.Selenium$click.call(Unknown Source)
	at Script1549630494051.run(Script1549630494051.groovy:46)
	... 13 more

2019-02-14 19:24:42.569 ERROR c.k.katalon.core.main.TestCaseExecutor   - ‚ùå Test Cases/Login FAILED.
Reason:
com.thoughtworks.selenium.SeleniumException: Element //option[2] not found
	at com.thoughtworks.selenium.webdriven.ElementFinder.findElement(ElementFinder.java:93)
	at com.thoughtworks.selenium.webdriven.commands.Click.handleSeleneseCommand(Click.java:39)
	at com.thoughtworks.selenium.webdriven.commands.Click.handleSeleneseCommand(Click.java:26)
	at com.thoughtworks.selenium.webdriven.SeleneseCommand.apply(SeleneseCommand.java:36)
	at com.thoughtworks.selenium.webdriven.Timer.run(Timer.java:41)
	at com.thoughtworks.selenium.webdriven.WebDriverCommandProcessor.execute(WebDriverCommandProcessor.java:150)
	at com.thoughtworks.selenium.webdriven.WebDriverCommandProcessor.doCommand(WebDriverCommandProcessor.java:76)
	at com.thoughtworks.selenium.DefaultSelenium.click(DefaultSelenium.java:198)
	at com.thoughtworks.selenium.Selenium$click.call(Unknown Source)
	at Login.run(Login:46)
	at com.kms.katalon.core.main.ScriptEngine.run(ScriptEngine.java:194)
	at com.kms.katalon.core.main.ScriptEngine.runScriptAsRawText(ScriptEngine.java:119)
	at com.kms.katalon.core.main.TestCaseExecutor.runScript(TestCaseExecutor.java:328)
	at com.kms.katalon.core.main.TestCaseExecutor.doExecute(TestCaseExecutor.java:319)
	at com.kms.katalon.core.main.TestCaseExecutor.processExecutionPhase(TestCaseExecutor.java:298)
	at com.kms.katalon.core.main.TestCaseExecutor.accessMainPhase(TestCaseExecutor.java:290)
	at com.kms.katalon.core.main.TestCaseExecutor.execute(TestCaseExecutor.java:224)
	at com.kms.katalon.core.main.TestSuiteExecutor.accessTestCaseMainPhase(TestSuiteExecutor.java:129)
	at com.kms.katalon.core.main.TestSuiteExecutor.accessTestSuiteMainPhase(TestSuiteExecutor.java:112)
	at com.kms.katalon.core.main.TestSuiteExecutor.execute(TestSuiteExecutor.java:81)
	at com.kms.katalon.core.main.TestCaseMain.startTestSuite(TestCaseMain.java:149)
	at com.kms.katalon.core.main.TestCaseMain$startTestSuite$0.call(Unknown Source)
	at TempTestSuite1550172259484.run(TempTestSuite1550172259484.groovy:36)
Caused by: org.openqa.selenium.NoSuchElementException: Cannot find an element with the xpath: //option[2]
For documentation on this error, please visit: http://seleniumhq.org/exceptions/no_such_element.html
Build info: version: '3.7.1', revision: '8a0099a', time: '2017-11-06T21:07:36.161Z'
System info: host: '4174e0809e7c', ip: '172.19.0.3', os.name: 'Linux', os.arch: 'amd64', os.version: '4.9.125-linuxkit', java.version: '1.8.0_181'
Driver info: driver.version: unknown
	at com.thoughtworks.selenium.webdriven.ElementFinder.xpathWizardry(ElementFinder.java:143)
	at com.thoughtworks.selenium.webdriven.ElementFinder.findElementDirectlyIfNecessary(ElementFinder.java:117)
	at com.thoughtworks.selenium.webdriven.ElementFinder.findElement(ElementFinder.java:87)
	at com.thoughtworks.selenium.webdriven.commands.Click.handleSeleneseCommand(Click.java:39)
	at com.thoughtworks.selenium.webdriven.commands.Click.handleSeleneseCommand(Click.java:26)
	at com.thoughtworks.selenium.webdriven.SeleneseCommand.apply(SeleneseCommand.java:36)
	at com.thoughtworks.selenium.webdriven.Timer.run(Timer.java:41)
	at com.thoughtworks.selenium.webdriven.WebDriverCommandProcessor.execute(WebDriverCommandProcessor.java:150)
	at com.thoughtworks.selenium.webdriven.WebDriverCommandProcessor.doCommand(WebDriverCommandProcessor.java:76)
	at com.thoughtworks.selenium.DefaultSelenium.click(DefaultSelenium.java:198)
	at com.thoughtworks.selenium.Selenium$click.call(Unknown Source)
	at Script1549630494051.run(Script1549630494051.groovy:46)
	... 13 more

2019-02-14 19:24:42.576 INFO  c.k.katalon.core.main.TestCaseExecutor   - END Test Cases/Login
2019-02-14 19:24:42.686 INFO  c.k.katalon.core.main.TestSuiteExecutor  - --------------------
2019-02-14 19:24:42.686 INFO  c.k.katalon.core.main.TestSuiteExecutor  - END Test Suites/Hemovida
2019-02-14 19:24:42.686 INFO  c.k.katalon.core.main.TestSuiteExecutor  - ====================
Copying report to folder /var/jenkins_home/workspace/Teste_Automatizado/Hemovida/Reports...

--------------------------------------------------------------------------------
Test Suites/Hemovida - Chrome - 20190214_192419........................1/1(100%)
--------------------------------------------------------------------------------

Build step 'Execute shell' marked build as failure
Finished: FAILURE
