<?xml version="1.0" encoding="UTF-8"?>
<testsuites name="MobileApp" time="103" tests="1" failures="1" errors="0">
   <testsuite name="MobileApp" tests="1" failures="1" errors="0" time="103" timestamp="2019-03-13 10:52:58" hostname="trongbui - 6rwx502.kms.com.vn" id="Test Suites/MobileApp">
      <properties>
         <property name="deviceName" value="V20"/>
         <property name="devicePlatform" value=""/>
         <property name="logFolder" value="/Users/trongbui/katalon/sources/katalon-studio-samples/demo-project/Reports/MobileApp/20190313_105256"/>
         <property name="logFiles" value="/Users/trongbui/katalon/sources/katalon-studio-samples/demo-project/Reports/MobileApp/20190313_105256/execution0.log"/>
         <property name="attachments" value=""/>
         <property name="hostName" value="trongbui - 6rwx502.kms.com.vn"/>
         <property name="os" value="Mac OS X 64bit"/>
         <property name="katalonVersion" value="6.0.6.4"/>
         <property name="deviceOS" value="Android"/>
         <property name="appiumVersion" value="1.9.1"/>
         <property name="deviceModel" value="null"/>
         <property name="hostAddress" value="192.168.37.46"/>
         <property name="deviceManufacturer" value="null"/>
         <property name="deviceId" value="null"/>
         <property name="deviceName" value="V20"/>
         <property name="deviceOSVersion" value="7.0"/>
      </properties>
      <testcase name="Test Cases/MobileApp/Log in" classname="Test Cases/MobileApp/Log in" status="PASSED">
         <system-out><![CDATA[2019-03-13 10:52:58 - [TEST_CASE][PASSED] - Test Cases/MobileApp/Log in: Test Cases/MobileApp/Log in

2019-03-13 10:52:59 - [TEST_STEP][PASSED] - startApplication("kobiton-store:28005", true): Started app at: 'kobiton-store:28005'

2019-03-13 10:52:59 - [MESSAGE][INFO] - User set preference: ['acceptSslCerts', 'true']

2019-03-13 10:52:59 - [MESSAGE][INFO] - User set preference: ['sessionDescription', '']

2019-03-13 10:52:59 - [MESSAGE][INFO] - User set preference: ['platformVersion', '7.0']

2019-03-13 10:52:59 - [MESSAGE][INFO] - User set preference: ['sessionName', 'Automation test session']

2019-03-13 10:52:59 - [MESSAGE][INFO] - User set preference: ['captureSreenShots', 'true']

2019-03-13 10:52:59 - [MESSAGE][INFO] - User set preference: ['deviceOrientation', 'portrait']

2019-03-13 10:52:59 - [MESSAGE][INFO] - User set preference: ['platformName', 'Android']

2019-03-13 10:52:59 - [MESSAGE][INFO] - User set preference: ['deviceName', 'V20']

2019-03-13 10:53:59 - [MESSAGE][PASSED] - Started app at: 'kobiton-store:28005'

2019-03-13 10:53:59 - [TEST_STEP][PASSED] - tap(findTestObject("MobileApp/android.widget.Button1 - SIGN IN"), 0): Tapped on element 'Object Repository/MobileApp/android.widget.Button1 - SIGN IN'

2019-03-13 10:53:59 - [MESSAGE][WARNING] - Timeout '0' is invalid. Using default page load timeout: '30'

2019-03-13 10:54:07 - [MESSAGE][PASSED] - Tapped on element 'Object Repository/MobileApp/android.widget.Button1 - SIGN IN'

2019-03-13 10:54:07 - [TEST_STEP][PASSED] - setText(findTestObject("MobileApp/android.widget.EditText0 - Email AddressPhone Number (1)"), "brian.ducson@gmail.com", 0): Text 'brian.ducson@gmail.com' has been set to element 'Object Repository/MobileApp/android.widget.EditText0 - Email AddressPhone Number (1)'

2019-03-13 10:54:07 - [MESSAGE][WARNING] - Timeout '0' is invalid. Using default page load timeout: '30'

2019-03-13 10:54:13 - [MESSAGE][PASSED] - Text 'brian.ducson@gmail.com' has been set to element 'Object Repository/MobileApp/android.widget.EditText0 - Email AddressPhone Number (1)'

2019-03-13 10:54:13 - [TEST_STEP][PASSED] - setText(findTestObject("MobileApp/android.widget.EditText1 - Password (1)"), "@mypassword", 0): Text '@mypassword' has been set to element 'Object Repository/MobileApp/android.widget.EditText1 - Password (1)'

2019-03-13 10:54:13 - [MESSAGE][WARNING] - Timeout '0' is invalid. Using default page load timeout: '30'

2019-03-13 10:54:20 - [MESSAGE][PASSED] - Text '@mypassword' has been set to element 'Object Repository/MobileApp/android.widget.EditText1 - Password (1)'

2019-03-13 10:54:20 - [TEST_STEP][PASSED] - tap(findTestObject("MobileApp/android.widget.Button0 - SHOW (1)"), 0): Tapped on element 'Object Repository/MobileApp/android.widget.Button0 - SHOW (1)'

2019-03-13 10:54:20 - [MESSAGE][WARNING] - Timeout '0' is invalid. Using default page load timeout: '30'

2019-03-13 10:54:27 - [MESSAGE][PASSED] - Tapped on element 'Object Repository/MobileApp/android.widget.Button0 - SHOW (1)'

2019-03-13 10:54:27 - [TEST_STEP][PASSED] - tap(findTestObject("MobileApp/android.widget.Button2 - SIGN IN"), 0): Tapped on element 'Object Repository/MobileApp/android.widget.Button2 - SIGN IN'

2019-03-13 10:54:27 - [MESSAGE][WARNING] - Timeout '0' is invalid. Using default page load timeout: '30'

2019-03-13 10:54:36 - [MESSAGE][PASSED] - Tapped on element 'Object Repository/MobileApp/android.widget.Button2 - SIGN IN'

2019-03-13 10:54:36 - [TEST_STEP][PASSED] - delay(3): Delayed 3 second(s)

2019-03-13 10:54:39 - [MESSAGE][PASSED] - Delayed 3 second(s)

2019-03-13 10:54:39 - [TEST_STEP][PASSED] - closeApplication(): Close app successfully

2019-03-13 10:54:40 - [MESSAGE][PASSED] - Close app successfully]]></system-out>
         <system-err><![CDATA[]]></system-err>
      </testcase>
      <testcase name="Test Cases/MobileApp/Search" classname="Test Cases/MobileApp/Search" status="FAILED">
         <failure type="FAILED" message="Test Cases/MobileApp/Search FAILED.
Reason:
com.kms.katalon.core.exception.StepFailedException: Unable to start app at: 'kobiton-store:28005'
	at com.kms.katalon.core.keyword.internal.KeywordMain.stepFailed(KeywordMain.groovy:48)
	at com.kms.katalon.core.mobile.keyword.internal.MobileKeywordMain.stepFailed(MobileKeywordMain.groovy:40)
	at com.kms.katalon.core.mobile.keyword.internal.MobileKeywordMain.runKeyword(MobileKeywordMain.groovy:23)
	at com.kms.katalon.core.mobile.keyword.builtin.StartApplicationKeyword.startApplication(StartApplicationKeyword.groovy:51)
	at com.kms.katalon.core.mobile.keyword.builtin.StartApplicationKeyword.execute(StartApplicationKeyword.groovy:40)
	at com.kms.katalon.core.keyword.internal.KeywordExecutor.executeKeywordForPlatform(KeywordExecutor.groovy:56)
	at com.kms.katalon.core.mobile.keyword.MobileBuiltInKeywords.startApplication(MobileBuiltInKeywords.groovy:74)
	at com.kms.katalon.core.mobile.keyword.MobileBuiltInKeywords$startApplication.call(Unknown Source)
	at Search.run(Search:16)
	at com.kms.katalon.core.main.ScriptEngine.run(ScriptEngine.java:194)
	at com.kms.katalon.core.main.ScriptEngine.runScriptAsRawText(ScriptEngine.java:119)
	at com.kms.katalon.core.main.TestCaseExecutor.runScript(TestCaseExecutor.java:331)
	at com.kms.katalon.core.main.TestCaseExecutor.doExecute(TestCaseExecutor.java:322)
	at com.kms.katalon.core.main.TestCaseExecutor.processExecutionPhase(TestCaseExecutor.java:301)
	at com.kms.katalon.core.main.TestCaseExecutor.accessMainPhase(TestCaseExecutor.java:293)
	at com.kms.katalon.core.main.TestCaseExecutor.execute(TestCaseExecutor.java:227)
	at com.kms.katalon.core.main.TestSuiteExecutor.accessTestCaseMainPhase(TestSuiteExecutor.java:129)
	at com.kms.katalon.core.main.TestSuiteExecutor.accessTestSuiteMainPhase(TestSuiteExecutor.java:112)
	at com.kms.katalon.core.main.TestSuiteExecutor.execute(TestSuiteExecutor.java:81)
	at com.kms.katalon.core.main.TestCaseMain.startTestSuite(TestCaseMain.java:157)
	at com.kms.katalon.core.main.TestCaseMain$startTestSuite$0.call(Unknown Source)
	at TempTestSuite1552449176280.run(TempTestSuite1552449176280.groovy:35)
"/>
         <system-out><![CDATA[2019-03-13 10:54:40 - [TEST_CASE][FAILED] - Test Cases/MobileApp/Search: Test Cases/MobileApp/Search FAILED.
Reason:
com.kms.katalon.core.exception.StepFailedException: Unable to start app at: 'kobiton-store:28005'
	at com.kms.katalon.core.keyword.internal.KeywordMain.stepFailed(KeywordMain.groovy:48)
	at com.kms.katalon.core.mobile.keyword.internal.MobileKeywordMain.stepFailed(MobileKeywordMain.groovy:40)
	at com.kms.katalon.core.mobile.keyword.internal.MobileKeywordMain.runKeyword(MobileKeywordMain.groovy:23)
	at com.kms.katalon.core.mobile.keyword.builtin.StartApplicationKeyword.startApplication(StartApplicationKeyword.groovy:51)
	at com.kms.katalon.core.mobile.keyword.builtin.StartApplicationKeyword.execute(StartApplicationKeyword.groovy:40)
	at com.kms.katalon.core.keyword.internal.KeywordExecutor.executeKeywordForPlatform(KeywordExecutor.groovy:56)
	at com.kms.katalon.core.mobile.keyword.MobileBuiltInKeywords.startApplication(MobileBuiltInKeywords.groovy:74)
	at com.kms.katalon.core.mobile.keyword.MobileBuiltInKeywords$startApplication.call(Unknown Source)
	at Search.run(Search:16)
	at com.kms.katalon.core.main.ScriptEngine.run(ScriptEngine.java:194)
	at com.kms.katalon.core.main.ScriptEngine.runScriptAsRawText(ScriptEngine.java:119)
	at com.kms.katalon.core.main.TestCaseExecutor.runScript(TestCaseExecutor.java:331)
	at com.kms.katalon.core.main.TestCaseExecutor.doExecute(TestCaseExecutor.java:322)
	at com.kms.katalon.core.main.TestCaseExecutor.processExecutionPhase(TestCaseExecutor.java:301)
	at com.kms.katalon.core.main.TestCaseExecutor.accessMainPhase(TestCaseExecutor.java:293)
	at com.kms.katalon.core.main.TestCaseExecutor.execute(TestCaseExecutor.java:227)
	at com.kms.katalon.core.main.TestSuiteExecutor.accessTestCaseMainPhase(TestSuiteExecutor.java:129)
	at com.kms.katalon.core.main.TestSuiteExecutor.accessTestSuiteMainPhase(TestSuiteExecutor.java:112)
	at com.kms.katalon.core.main.TestSuiteExecutor.execute(TestSuiteExecutor.java:81)
	at com.kms.katalon.core.main.TestCaseMain.startTestSuite(TestCaseMain.java:157)
	at com.kms.katalon.core.main.TestCaseMain$startTestSuite$0.call(Unknown Source)
	at TempTestSuite1552449176280.run(TempTestSuite1552449176280.groovy:35)


2019-03-13 10:54:40 - [TEST_STEP][FAILED] - startApplication("kobiton-store:28005", true): startApplication("kobiton-store:28005", true) FAILED.
Reason:
com.kms.katalon.core.exception.StepFailedException: Unable to start app at: 'kobiton-store:28005'
	at com.kms.katalon.core.keyword.internal.KeywordMain.stepFailed(KeywordMain.groovy:48)
	at com.kms.katalon.core.mobile.keyword.internal.MobileKeywordMain.stepFailed(MobileKeywordMain.groovy:40)
	at com.kms.katalon.core.mobile.keyword.internal.MobileKeywordMain.runKeyword(MobileKeywordMain.groovy:23)
	at com.kms.katalon.core.mobile.keyword.builtin.StartApplicationKeyword.startApplication(StartApplicationKeyword.groovy:51)
	at com.kms.katalon.core.mobile.keyword.builtin.StartApplicationKeyword.execute(StartApplicationKeyword.groovy:40)
	at com.kms.katalon.core.keyword.internal.KeywordExecutor.executeKeywordForPlatform(KeywordExecutor.groovy:56)
	at com.kms.katalon.core.mobile.keyword.MobileBuiltInKeywords.startApplication(MobileBuiltInKeywords.groovy:74)
	at com.kms.katalon.core.mobile.keyword.MobileBuiltInKeywords$startApplication.call(Unknown Source)
	at Search.run(Search:16)
	at com.kms.katalon.core.main.ScriptEngine.run(ScriptEngine.java:194)
	at com.kms.katalon.core.main.ScriptEngine.runScriptAsRawText(ScriptEngine.java:119)
	at com.kms.katalon.core.main.TestCaseExecutor.runScript(TestCaseExecutor.java:331)
	at com.kms.katalon.core.main.TestCaseExecutor.doExecute(TestCaseExecutor.java:322)
	at com.kms.katalon.core.main.TestCaseExecutor.processExecutionPhase(TestCaseExecutor.java:301)
	at com.kms.katalon.core.main.TestCaseExecutor.accessMainPhase(TestCaseExecutor.java:293)
	at com.kms.katalon.core.main.TestCaseExecutor.execute(TestCaseExecutor.java:227)
	at com.kms.katalon.core.main.TestSuiteExecutor.accessTestCaseMainPhase(TestSuiteExecutor.java:129)
	at com.kms.katalon.core.main.TestSuiteExecutor.accessTestSuiteMainPhase(TestSuiteExecutor.java:112)
	at com.kms.katalon.core.main.TestSuiteExecutor.execute(TestSuiteExecutor.java:81)
	at com.kms.katalon.core.main.TestCaseMain.startTestSuite(TestCaseMain.java:157)
	at com.kms.katalon.core.main.TestCaseMain$startTestSuite$0.call(Unknown Source)
	at TempTestSuite1552449176280.run(TempTestSuite1552449176280.groovy:35)


2019-03-13 10:54:40 - [MESSAGE][INFO] - User set preference: ['acceptSslCerts', 'true']

2019-03-13 10:54:40 - [MESSAGE][INFO] - User set preference: ['sessionDescription', '']

2019-03-13 10:54:40 - [MESSAGE][INFO] - User set preference: ['platformVersion', '7.0']

2019-03-13 10:54:40 - [MESSAGE][INFO] - User set preference: ['sessionName', 'Automation test session']

2019-03-13 10:54:40 - [MESSAGE][INFO] - User set preference: ['captureSreenShots', 'true']

2019-03-13 10:54:40 - [MESSAGE][INFO] - User set preference: ['deviceOrientation', 'portrait']

2019-03-13 10:54:40 - [MESSAGE][INFO] - User set preference: ['platformName', 'Android']

2019-03-13 10:54:40 - [MESSAGE][INFO] - User set preference: ['deviceName', 'V20']

2019-03-13 10:54:41 - [MESSAGE][FAILED] - Unable to start app at: 'kobiton-store:28005'

2019-03-13 10:54:41 - [MESSAGE][FAILED] - startApplication("kobiton-store:28005", true) FAILED.
Reason:
com.kms.katalon.core.exception.StepFailedException: Unable to start app at: 'kobiton-store:28005'
	at com.kms.katalon.core.keyword.internal.KeywordMain.stepFailed(KeywordMain.groovy:48)
	at com.kms.katalon.core.mobile.keyword.internal.MobileKeywordMain.stepFailed(MobileKeywordMain.groovy:40)
	at com.kms.katalon.core.mobile.keyword.internal.MobileKeywordMain.runKeyword(MobileKeywordMain.groovy:23)
	at com.kms.katalon.core.mobile.keyword.builtin.StartApplicationKeyword.startApplication(StartApplicationKeyword.groovy:51)
	at com.kms.katalon.core.mobile.keyword.builtin.StartApplicationKeyword.execute(StartApplicationKeyword.groovy:40)
	at com.kms.katalon.core.keyword.internal.KeywordExecutor.executeKeywordForPlatform(KeywordExecutor.groovy:56)
	at com.kms.katalon.core.mobile.keyword.MobileBuiltInKeywords.startApplication(MobileBuiltInKeywords.groovy:74)
	at com.kms.katalon.core.mobile.keyword.MobileBuiltInKeywords$startApplication.call(Unknown Source)
	at Search.run(Search:16)
	at com.kms.katalon.core.main.ScriptEngine.run(ScriptEngine.java:194)
	at com.kms.katalon.core.main.ScriptEngine.runScriptAsRawText(ScriptEngine.java:119)
	at com.kms.katalon.core.main.TestCaseExecutor.runScript(TestCaseExecutor.java:331)
	at com.kms.katalon.core.main.TestCaseExecutor.doExecute(TestCaseExecutor.java:322)
	at com.kms.katalon.core.main.TestCaseExecutor.processExecutionPhase(TestCaseExecutor.java:301)
	at com.kms.katalon.core.main.TestCaseExecutor.accessMainPhase(TestCaseExecutor.java:293)
	at com.kms.katalon.core.main.TestCaseExecutor.execute(TestCaseExecutor.java:227)
	at com.kms.katalon.core.main.TestSuiteExecutor.accessTestCaseMainPhase(TestSuiteExecutor.java:129)
	at com.kms.katalon.core.main.TestSuiteExecutor.accessTestSuiteMainPhase(TestSuiteExecutor.java:112)
	at com.kms.katalon.core.main.TestSuiteExecutor.execute(TestSuiteExecutor.java:81)
	at com.kms.katalon.core.main.TestCaseMain.startTestSuite(TestCaseMain.java:157)
	at com.kms.katalon.core.main.TestCaseMain$startTestSuite$0.call(Unknown Source)
	at TempTestSuite1552449176280.run(TempTestSuite1552449176280.groovy:35)]]></system-out>
         <system-err><![CDATA[2019-03-13 10:54:40 - [TEST_CASE][FAILED] - Test Cases/MobileApp/Search: Test Cases/MobileApp/Search FAILED.
Reason:
com.kms.katalon.core.exception.StepFailedException: Unable to start app at: 'kobiton-store:28005'
	at com.kms.katalon.core.keyword.internal.KeywordMain.stepFailed(KeywordMain.groovy:48)
	at com.kms.katalon.core.mobile.keyword.internal.MobileKeywordMain.stepFailed(MobileKeywordMain.groovy:40)
	at com.kms.katalon.core.mobile.keyword.internal.MobileKeywordMain.runKeyword(MobileKeywordMain.groovy:23)
	at com.kms.katalon.core.mobile.keyword.builtin.StartApplicationKeyword.startApplication(StartApplicationKeyword.groovy:51)
	at com.kms.katalon.core.mobile.keyword.builtin.StartApplicationKeyword.execute(StartApplicationKeyword.groovy:40)
	at com.kms.katalon.core.keyword.internal.KeywordExecutor.executeKeywordForPlatform(KeywordExecutor.groovy:56)
	at com.kms.katalon.core.mobile.keyword.MobileBuiltInKeywords.startApplication(MobileBuiltInKeywords.groovy:74)
	at com.kms.katalon.core.mobile.keyword.MobileBuiltInKeywords$startApplication.call(Unknown Source)
	at Search.run(Search:16)
	at com.kms.katalon.core.main.ScriptEngine.run(ScriptEngine.java:194)
	at com.kms.katalon.core.main.ScriptEngine.runScriptAsRawText(ScriptEngine.java:119)
	at com.kms.katalon.core.main.TestCaseExecutor.runScript(TestCaseExecutor.java:331)
	at com.kms.katalon.core.main.TestCaseExecutor.doExecute(TestCaseExecutor.java:322)
	at com.kms.katalon.core.main.TestCaseExecutor.processExecutionPhase(TestCaseExecutor.java:301)
	at com.kms.katalon.core.main.TestCaseExecutor.accessMainPhase(TestCaseExecutor.java:293)
	at com.kms.katalon.core.main.TestCaseExecutor.execute(TestCaseExecutor.java:227)
	at com.kms.katalon.core.main.TestSuiteExecutor.accessTestCaseMainPhase(TestSuiteExecutor.java:129)
	at com.kms.katalon.core.main.TestSuiteExecutor.accessTestSuiteMainPhase(TestSuiteExecutor.java:112)
	at com.kms.katalon.core.main.TestSuiteExecutor.execute(TestSuiteExecutor.java:81)
	at com.kms.katalon.core.main.TestCaseMain.startTestSuite(TestCaseMain.java:157)
	at com.kms.katalon.core.main.TestCaseMain$startTestSuite$0.call(Unknown Source)
	at TempTestSuite1552449176280.run(TempTestSuite1552449176280.groovy:35)]]></system-err>
      </testcase>
      <system-out><![CDATA[2019-03-13 10:52:58 - [TEST_SUITE][FAILED] - MobileApp: Test Cases/MobileApp/Search FAILED.
Reason:
com.kms.katalon.core.exception.StepFailedException: Unable to start app at: 'kobiton-store:28005'
	at com.kms.katalon.core.keyword.internal.KeywordMain.stepFailed(KeywordMain.groovy:48)
	at com.kms.katalon.core.mobile.keyword.internal.MobileKeywordMain.stepFailed(MobileKeywordMain.groovy:40)
	at com.kms.katalon.core.mobile.keyword.internal.MobileKeywordMain.runKeyword(MobileKeywordMain.groovy:23)
	at com.kms.katalon.core.mobile.keyword.builtin.StartApplicationKeyword.startApplication(StartApplicationKeyword.groovy:51)
	at com.kms.katalon.core.mobile.keyword.builtin.StartApplicationKeyword.execute(StartApplicationKeyword.groovy:40)
	at com.kms.katalon.core.keyword.internal.KeywordExecutor.executeKeywordForPlatform(KeywordExecutor.groovy:56)
	at com.kms.katalon.core.mobile.keyword.MobileBuiltInKeywords.startApplication(MobileBuiltInKeywords.groovy:74)
	at com.kms.katalon.core.mobile.keyword.MobileBuiltInKeywords$startApplication.call(Unknown Source)
	at Search.run(Search:16)
	at com.kms.katalon.core.main.ScriptEngine.run(ScriptEngine.java:194)
	at com.kms.katalon.core.main.ScriptEngine.runScriptAsRawText(ScriptEngine.java:119)
	at com.kms.katalon.core.main.TestCaseExecutor.runScript(TestCaseExecutor.java:331)
	at com.kms.katalon.core.main.TestCaseExecutor.doExecute(TestCaseExecutor.java:322)
	at com.kms.katalon.core.main.TestCaseExecutor.processExecutionPhase(TestCaseExecutor.java:301)
	at com.kms.katalon.core.main.TestCaseExecutor.accessMainPhase(TestCaseExecutor.java:293)
	at com.kms.katalon.core.main.TestCaseExecutor.execute(TestCaseExecutor.java:227)
	at com.kms.katalon.core.main.TestSuiteExecutor.accessTestCaseMainPhase(TestSuiteExecutor.java:129)
	at com.kms.katalon.core.main.TestSuiteExecutor.accessTestSuiteMainPhase(TestSuiteExecutor.java:112)
	at com.kms.katalon.core.main.TestSuiteExecutor.execute(TestSuiteExecutor.java:81)
	at com.kms.katalon.core.main.TestCaseMain.startTestSuite(TestCaseMain.java:157)
	at com.kms.katalon.core.main.TestCaseMain$startTestSuite$0.call(Unknown Source)
	at TempTestSuite1552449176280.run(TempTestSuite1552449176280.groovy:35)]]></system-out>
      <system-err><![CDATA[2019-03-13 10:52:58 - [TEST_SUITE][FAILED] - MobileApp: Test Cases/MobileApp/Search FAILED.
Reason:
com.kms.katalon.core.exception.StepFailedException: Unable to start app at: 'kobiton-store:28005'
	at com.kms.katalon.core.keyword.internal.KeywordMain.stepFailed(KeywordMain.groovy:48)
	at com.kms.katalon.core.mobile.keyword.internal.MobileKeywordMain.stepFailed(MobileKeywordMain.groovy:40)
	at com.kms.katalon.core.mobile.keyword.internal.MobileKeywordMain.runKeyword(MobileKeywordMain.groovy:23)
	at com.kms.katalon.core.mobile.keyword.builtin.StartApplicationKeyword.startApplication(StartApplicationKeyword.groovy:51)
	at com.kms.katalon.core.mobile.keyword.builtin.StartApplicationKeyword.execute(StartApplicationKeyword.groovy:40)
	at com.kms.katalon.core.keyword.internal.KeywordExecutor.executeKeywordForPlatform(KeywordExecutor.groovy:56)
	at com.kms.katalon.core.mobile.keyword.MobileBuiltInKeywords.startApplication(MobileBuiltInKeywords.groovy:74)
	at com.kms.katalon.core.mobile.keyword.MobileBuiltInKeywords$startApplication.call(Unknown Source)
	at Search.run(Search:16)
	at com.kms.katalon.core.main.ScriptEngine.run(ScriptEngine.java:194)
	at com.kms.katalon.core.main.ScriptEngine.runScriptAsRawText(ScriptEngine.java:119)
	at com.kms.katalon.core.main.TestCaseExecutor.runScript(TestCaseExecutor.java:331)
	at com.kms.katalon.core.main.TestCaseExecutor.doExecute(TestCaseExecutor.java:322)
	at com.kms.katalon.core.main.TestCaseExecutor.processExecutionPhase(TestCaseExecutor.java:301)
	at com.kms.katalon.core.main.TestCaseExecutor.accessMainPhase(TestCaseExecutor.java:293)
	at com.kms.katalon.core.main.TestCaseExecutor.execute(TestCaseExecutor.java:227)
	at com.kms.katalon.core.main.TestSuiteExecutor.accessTestCaseMainPhase(TestSuiteExecutor.java:129)
	at com.kms.katalon.core.main.TestSuiteExecutor.accessTestSuiteMainPhase(TestSuiteExecutor.java:112)
	at com.kms.katalon.core.main.TestSuiteExecutor.execute(TestSuiteExecutor.java:81)
	at com.kms.katalon.core.main.TestCaseMain.startTestSuite(TestCaseMain.java:157)
	at com.kms.katalon.core.main.TestCaseMain$startTestSuite$0.call(Unknown Source)
	at TempTestSuite1552449176280.run(TempTestSuite1552449176280.groovy:35)]]></system-err>
   </testsuite>
</testsuites>
