<?xml version="1.0" encoding="UTF-8"?>
<testsuites name="MobileApp" time="910" tests="1" failures="1" errors="0">
   <testsuite name="MobileApp" tests="1" failures="1" errors="0" time="910" timestamp="2019-03-13 11:11:03" hostname="trongbui - 6rwx502.kms.com.vn" id="Test Suites/MobileApp">
      <properties>
         <property name="deviceName" value="V20"/>
         <property name="devicePlatform" value=""/>
         <property name="logFolder" value="/Users/trongbui/katalon/sources/katalon-studio-samples/demo-project/Reports/MobileApp/20190313_111100"/>
         <property name="logFiles" value="/Users/trongbui/katalon/sources/katalon-studio-samples/demo-project/Reports/MobileApp/20190313_111100/execution0.log"/>
         <property name="attachments" value="/Users/trongbui/katalon/sources/katalon-studio-samples/demo-project/Reports/MobileApp/20190313_111100/1552451148447.png, /Users/trongbui/katalon/sources/katalon-studio-samples/demo-project/Reports/MobileApp/20190313_111100/1552451161555.png"/>
         <property name="hostName" value="trongbui - 6rwx502.kms.com.vn"/>
         <property name="os" value="Mac OS X 64bit"/>
         <property name="katalonVersion" value="6.0.6.4"/>
         <property name="deviceOS" value="Android"/>
         <property name="appiumVersion" value="1.9.1"/>
         <property name="deviceModel" value="null"/>
         <property name="hostAddress" value="192.168.37.46"/>
         <property name="deviceManufacturer" value="null"/>
         <property name="deviceId" value="null"/>
         <property name="deviceName" value="V20"/>
         <property name="deviceOSVersion" value="7.0"/>
      </properties>
      <testcase name="Test Cases/MobileApp/Log in" classname="Test Cases/MobileApp/Log in" status="PASSED">
         <system-out><![CDATA[2019-03-13 11:11:03 - [TEST_CASE][PASSED] - Test Cases/MobileApp/Log in: Test Cases/MobileApp/Log in

2019-03-13 11:11:04 - [TEST_STEP][PASSED] - Start setup action : setupTestCase: Method 'setupTestCase' complete successfully

2019-03-13 11:11:04 - [TEST_STEP][PASSED] - delay(300): Delayed 300 second(s)

2019-03-13 11:16:04 - [MESSAGE][PASSED] - Delayed 300 second(s)

2019-03-13 11:16:04 - [MESSAGE][PASSED] - Method 'setupTestCase' complete successfully

2019-03-13 11:16:04 - [TEST_STEP][PASSED] - startApplication("kobiton-store:28005", true): Started app at: 'kobiton-store:28005'

2019-03-13 11:16:04 - [MESSAGE][INFO] - User set preference: ['acceptSslCerts', 'true']

2019-03-13 11:16:04 - [MESSAGE][INFO] - User set preference: ['sessionDescription', '']

2019-03-13 11:16:04 - [MESSAGE][INFO] - User set preference: ['platformVersion', '7.0']

2019-03-13 11:16:04 - [MESSAGE][INFO] - User set preference: ['sessionName', 'Automation test session']

2019-03-13 11:16:04 - [MESSAGE][INFO] - User set preference: ['captureSreenShots', 'true']

2019-03-13 11:16:04 - [MESSAGE][INFO] - User set preference: ['deviceOrientation', 'portrait']

2019-03-13 11:16:04 - [MESSAGE][INFO] - User set preference: ['platformName', 'Android']

2019-03-13 11:16:04 - [MESSAGE][INFO] - User set preference: ['deviceName', 'V20']

2019-03-13 11:17:27 - [MESSAGE][PASSED] - Started app at: 'kobiton-store:28005'

2019-03-13 11:17:27 - [TEST_STEP][PASSED] - tap(findTestObject("MobileApp/android.widget.Button1 - SIGN IN"), 0): Tapped on element 'Object Repository/MobileApp/android.widget.Button1 - SIGN IN'

2019-03-13 11:17:27 - [MESSAGE][WARNING] - Timeout '0' is invalid. Using default page load timeout: '30'

2019-03-13 11:17:34 - [MESSAGE][PASSED] - Tapped on element 'Object Repository/MobileApp/android.widget.Button1 - SIGN IN'

2019-03-13 11:17:34 - [TEST_STEP][PASSED] - setText(findTestObject("MobileApp/android.widget.EditText0 - Email AddressPhone Number (1)"), "brian.ducson@gmail.com", 0): Text 'brian.ducson@gmail.com' has been set to element 'Object Repository/MobileApp/android.widget.EditText0 - Email AddressPhone Number (1)'

2019-03-13 11:17:34 - [MESSAGE][WARNING] - Timeout '0' is invalid. Using default page load timeout: '30'

2019-03-13 11:17:42 - [MESSAGE][PASSED] - Text 'brian.ducson@gmail.com' has been set to element 'Object Repository/MobileApp/android.widget.EditText0 - Email AddressPhone Number (1)'

2019-03-13 11:17:42 - [TEST_STEP][PASSED] - setText(findTestObject("MobileApp/android.widget.EditText1 - Password (1)"), "@mypassword", 0): Text '@mypassword' has been set to element 'Object Repository/MobileApp/android.widget.EditText1 - Password (1)'

2019-03-13 11:17:42 - [MESSAGE][WARNING] - Timeout '0' is invalid. Using default page load timeout: '30'

2019-03-13 11:17:49 - [MESSAGE][PASSED] - Text '@mypassword' has been set to element 'Object Repository/MobileApp/android.widget.EditText1 - Password (1)'

2019-03-13 11:17:49 - [TEST_STEP][PASSED] - tap(findTestObject("MobileApp/android.widget.Button0 - SHOW (1)"), 0): Tapped on element 'Object Repository/MobileApp/android.widget.Button0 - SHOW (1)'

2019-03-13 11:17:49 - [MESSAGE][WARNING] - Timeout '0' is invalid. Using default page load timeout: '30'

2019-03-13 11:17:54 - [MESSAGE][PASSED] - Tapped on element 'Object Repository/MobileApp/android.widget.Button0 - SHOW (1)'

2019-03-13 11:17:54 - [TEST_STEP][PASSED] - tap(findTestObject("MobileApp/android.widget.Button2 - SIGN IN"), 0): Tapped on element 'Object Repository/MobileApp/android.widget.Button2 - SIGN IN'

2019-03-13 11:17:54 - [MESSAGE][WARNING] - Timeout '0' is invalid. Using default page load timeout: '30'

2019-03-13 11:18:03 - [MESSAGE][PASSED] - Tapped on element 'Object Repository/MobileApp/android.widget.Button2 - SIGN IN'

2019-03-13 11:18:03 - [TEST_STEP][PASSED] - delay(3): Delayed 3 second(s)

2019-03-13 11:18:06 - [MESSAGE][PASSED] - Delayed 3 second(s)

2019-03-13 11:18:07 - [TEST_STEP][PASSED] - closeApplication(): Close app successfully

2019-03-13 11:18:08 - [MESSAGE][PASSED] - Close app successfully]]></system-out>
         <system-err><![CDATA[]]></system-err>
      </testcase>
      <testcase name="Test Cases/MobileApp/Search" classname="Test Cases/MobileApp/Search" status="FAILED">
         <failure type="FAILED" message="Test Cases/MobileApp/Search FAILED.
Reason:
com.kms.katalon.core.exception.StepFailedException: Failed to tap on element 'Object Repository/MobileApp/android.widget.TextView2 - 51088'
	at com.kms.katalon.core.keyword.internal.KeywordMain.stepFailed(KeywordMain.groovy:48)
	at com.kms.katalon.core.mobile.keyword.internal.MobileKeywordMain.stepFailed(MobileKeywordMain.groovy:40)
	at com.kms.katalon.core.mobile.keyword.internal.MobileKeywordMain.runKeyword(MobileKeywordMain.groovy:23)
	at com.kms.katalon.core.mobile.keyword.builtin.TapKeyword.tap(TapKeyword.groovy:83)
	at com.kms.katalon.core.mobile.keyword.builtin.TapKeyword.execute(TapKeyword.groovy:66)
	at com.kms.katalon.core.keyword.internal.KeywordExecutor.executeKeywordForPlatform(KeywordExecutor.groovy:56)
	at com.kms.katalon.core.mobile.keyword.MobileBuiltInKeywords.tap(MobileBuiltInKeywords.groovy:485)
	at com.kms.katalon.core.mobile.keyword.MobileBuiltInKeywords$tap$0.call(Unknown Source)
	at Search.run(Search:39)
	at com.kms.katalon.core.main.ScriptEngine.run(ScriptEngine.java:194)
	at com.kms.katalon.core.main.ScriptEngine.runScriptAsRawText(ScriptEngine.java:119)
	at com.kms.katalon.core.main.TestCaseExecutor.runScript(TestCaseExecutor.java:331)
	at com.kms.katalon.core.main.TestCaseExecutor.doExecute(TestCaseExecutor.java:322)
	at com.kms.katalon.core.main.TestCaseExecutor.processExecutionPhase(TestCaseExecutor.java:301)
	at com.kms.katalon.core.main.TestCaseExecutor.accessMainPhase(TestCaseExecutor.java:293)
	at com.kms.katalon.core.main.TestCaseExecutor.execute(TestCaseExecutor.java:227)
	at com.kms.katalon.core.main.TestSuiteExecutor.accessTestCaseMainPhase(TestSuiteExecutor.java:129)
	at com.kms.katalon.core.main.TestSuiteExecutor.accessTestSuiteMainPhase(TestSuiteExecutor.java:112)
	at com.kms.katalon.core.main.TestSuiteExecutor.execute(TestSuiteExecutor.java:81)
	at com.kms.katalon.core.main.TestCaseMain.startTestSuite(TestCaseMain.java:157)
	at com.kms.katalon.core.main.TestCaseMain$startTestSuite$0.call(Unknown Source)
	at TempTestSuite1552450260881.run(TempTestSuite1552450260881.groovy:35)
"/>
         <system-out><![CDATA[2019-03-13 11:18:08 - [TEST_CASE][FAILED] - Test Cases/MobileApp/Search: Test Cases/MobileApp/Search FAILED.
Reason:
com.kms.katalon.core.exception.StepFailedException: Failed to tap on element 'Object Repository/MobileApp/android.widget.TextView2 - 51088'
	at com.kms.katalon.core.keyword.internal.KeywordMain.stepFailed(KeywordMain.groovy:48)
	at com.kms.katalon.core.mobile.keyword.internal.MobileKeywordMain.stepFailed(MobileKeywordMain.groovy:40)
	at com.kms.katalon.core.mobile.keyword.internal.MobileKeywordMain.runKeyword(MobileKeywordMain.groovy:23)
	at com.kms.katalon.core.mobile.keyword.builtin.TapKeyword.tap(TapKeyword.groovy:83)
	at com.kms.katalon.core.mobile.keyword.builtin.TapKeyword.execute(TapKeyword.groovy:66)
	at com.kms.katalon.core.keyword.internal.KeywordExecutor.executeKeywordForPlatform(KeywordExecutor.groovy:56)
	at com.kms.katalon.core.mobile.keyword.MobileBuiltInKeywords.tap(MobileBuiltInKeywords.groovy:485)
	at com.kms.katalon.core.mobile.keyword.MobileBuiltInKeywords$tap$0.call(Unknown Source)
	at Search.run(Search:39)
	at com.kms.katalon.core.main.ScriptEngine.run(ScriptEngine.java:194)
	at com.kms.katalon.core.main.ScriptEngine.runScriptAsRawText(ScriptEngine.java:119)
	at com.kms.katalon.core.main.TestCaseExecutor.runScript(TestCaseExecutor.java:331)
	at com.kms.katalon.core.main.TestCaseExecutor.doExecute(TestCaseExecutor.java:322)
	at com.kms.katalon.core.main.TestCaseExecutor.processExecutionPhase(TestCaseExecutor.java:301)
	at com.kms.katalon.core.main.TestCaseExecutor.accessMainPhase(TestCaseExecutor.java:293)
	at com.kms.katalon.core.main.TestCaseExecutor.execute(TestCaseExecutor.java:227)
	at com.kms.katalon.core.main.TestSuiteExecutor.accessTestCaseMainPhase(TestSuiteExecutor.java:129)
	at com.kms.katalon.core.main.TestSuiteExecutor.accessTestSuiteMainPhase(TestSuiteExecutor.java:112)
	at com.kms.katalon.core.main.TestSuiteExecutor.execute(TestSuiteExecutor.java:81)
	at com.kms.katalon.core.main.TestCaseMain.startTestSuite(TestCaseMain.java:157)
	at com.kms.katalon.core.main.TestCaseMain$startTestSuite$0.call(Unknown Source)
	at TempTestSuite1552450260881.run(TempTestSuite1552450260881.groovy:35)


2019-03-13 11:18:08 - [TEST_STEP][PASSED] - Start setup action : setupTestCase: Method 'setupTestCase' complete successfully

2019-03-13 11:18:08 - [TEST_STEP][PASSED] - delay(300): Delayed 300 second(s)

2019-03-13 11:23:08 - [MESSAGE][PASSED] - Delayed 300 second(s)

2019-03-13 11:23:08 - [MESSAGE][PASSED] - Method 'setupTestCase' complete successfully

2019-03-13 11:23:08 - [TEST_STEP][PASSED] - startApplication("kobiton-store:28005", true): Started app at: 'kobiton-store:28005'

2019-03-13 11:23:08 - [MESSAGE][INFO] - User set preference: ['acceptSslCerts', 'true']

2019-03-13 11:23:08 - [MESSAGE][INFO] - User set preference: ['sessionDescription', '']

2019-03-13 11:23:08 - [MESSAGE][INFO] - User set preference: ['platformVersion', '7.0']

2019-03-13 11:23:08 - [MESSAGE][INFO] - User set preference: ['sessionName', 'Automation test session']

2019-03-13 11:23:08 - [MESSAGE][INFO] - User set preference: ['captureSreenShots', 'true']

2019-03-13 11:23:08 - [MESSAGE][INFO] - User set preference: ['deviceOrientation', 'portrait']

2019-03-13 11:23:08 - [MESSAGE][INFO] - User set preference: ['platformName', 'Android']

2019-03-13 11:23:08 - [MESSAGE][INFO] - User set preference: ['deviceName', 'V20']

2019-03-13 11:24:08 - [MESSAGE][PASSED] - Started app at: 'kobiton-store:28005'

2019-03-13 11:24:08 - [TEST_STEP][PASSED] - tap(findTestObject("MobileApp/android.widget.Button1 - SIGN IN (1)"), 0): Tapped on element 'Object Repository/MobileApp/android.widget.Button1 - SIGN IN (1)'

2019-03-13 11:24:08 - [MESSAGE][WARNING] - Timeout '0' is invalid. Using default page load timeout: '30'

2019-03-13 11:24:15 - [MESSAGE][PASSED] - Tapped on element 'Object Repository/MobileApp/android.widget.Button1 - SIGN IN (1)'

2019-03-13 11:24:15 - [TEST_STEP][PASSED] - setText(findTestObject("MobileApp/android.widget.EditText0 - Email AddressPhone Number (2)"), "brian.ducson@gmail.com", 0): Text 'brian.ducson@gmail.com' has been set to element 'Object Repository/MobileApp/android.widget.EditText0 - Email AddressPhone Number (2)'

2019-03-13 11:24:15 - [MESSAGE][WARNING] - Timeout '0' is invalid. Using default page load timeout: '30'

2019-03-13 11:24:21 - [MESSAGE][PASSED] - Text 'brian.ducson@gmail.com' has been set to element 'Object Repository/MobileApp/android.widget.EditText0 - Email AddressPhone Number (2)'

2019-03-13 11:24:21 - [TEST_STEP][PASSED] - setText(findTestObject("MobileApp/android.widget.EditText1 - Password (2)"), "@mypassword", 0): Text '@mypassword' has been set to element 'Object Repository/MobileApp/android.widget.EditText1 - Password (2)'

2019-03-13 11:24:21 - [MESSAGE][WARNING] - Timeout '0' is invalid. Using default page load timeout: '30'

2019-03-13 11:24:28 - [MESSAGE][PASSED] - Text '@mypassword' has been set to element 'Object Repository/MobileApp/android.widget.EditText1 - Password (2)'

2019-03-13 11:24:28 - [TEST_STEP][PASSED] - tap(findTestObject("MobileApp/android.widget.Button0 - SHOW (2)"), 0): Tapped on element 'Object Repository/MobileApp/android.widget.Button0 - SHOW (2)'

2019-03-13 11:24:28 - [MESSAGE][WARNING] - Timeout '0' is invalid. Using default page load timeout: '30'

2019-03-13 11:24:34 - [MESSAGE][PASSED] - Tapped on element 'Object Repository/MobileApp/android.widget.Button0 - SHOW (2)'

2019-03-13 11:24:34 - [TEST_STEP][PASSED] - tap(findTestObject("MobileApp/android.widget.Button2 - SIGN IN (1)"), 0): Tapped on element 'Object Repository/MobileApp/android.widget.Button2 - SIGN IN (1)'

2019-03-13 11:24:34 - [MESSAGE][WARNING] - Timeout '0' is invalid. Using default page load timeout: '30'

2019-03-13 11:24:43 - [MESSAGE][PASSED] - Tapped on element 'Object Repository/MobileApp/android.widget.Button2 - SIGN IN (1)'

2019-03-13 11:24:43 - [TEST_STEP][PASSED] - tap(findTestObject("MobileApp/android.widget.ImageView0"), 0): Tapped on element 'Object Repository/MobileApp/android.widget.ImageView0'

2019-03-13 11:24:43 - [MESSAGE][WARNING] - Timeout '0' is invalid. Using default page load timeout: '30'

2019-03-13 11:24:49 - [MESSAGE][PASSED] - Tapped on element 'Object Repository/MobileApp/android.widget.ImageView0'

2019-03-13 11:24:49 - [TEST_STEP][PASSED] - setText(findTestObject("MobileApp/android.widget.EditText0 - Enter Zone Number"), "123456", 0): Text '123456' has been set to element 'Object Repository/MobileApp/android.widget.EditText0 - Enter Zone Number'

2019-03-13 11:24:49 - [MESSAGE][WARNING] - Timeout '0' is invalid. Using default page load timeout: '30'

2019-03-13 11:24:56 - [MESSAGE][PASSED] - Text '123456' has been set to element 'Object Repository/MobileApp/android.widget.EditText0 - Enter Zone Number'

2019-03-13 11:24:56 - [TEST_STEP][PASSED] - tap(findTestObject("MobileApp/android.widget.ImageView0 (1)"), 0): Tapped on element 'Object Repository/MobileApp/android.widget.ImageView0 (1)'

2019-03-13 11:24:56 - [MESSAGE][WARNING] - Timeout '0' is invalid. Using default page load timeout: '30'

2019-03-13 11:25:04 - [MESSAGE][PASSED] - Tapped on element 'Object Repository/MobileApp/android.widget.ImageView0 (1)'

2019-03-13 11:25:04 - [TEST_STEP][PASSED] - tap(findTestObject("MobileApp/android.widget.TextView1 - Done"), 0): Tapped on element 'Object Repository/MobileApp/android.widget.TextView1 - Done'

2019-03-13 11:25:04 - [MESSAGE][WARNING] - Timeout '0' is invalid. Using default page load timeout: '30'

2019-03-13 11:25:10 - [MESSAGE][PASSED] - Tapped on element 'Object Repository/MobileApp/android.widget.TextView1 - Done'

2019-03-13 11:25:10 - [TEST_STEP][PASSED] - tap(findTestObject("MobileApp/android.widget.ImageButton0"), 0): Tapped on element 'Object Repository/MobileApp/android.widget.ImageButton0'

2019-03-13 11:25:10 - [MESSAGE][WARNING] - Timeout '0' is invalid. Using default page load timeout: '30'

2019-03-13 11:25:17 - [MESSAGE][PASSED] - Tapped on element 'Object Repository/MobileApp/android.widget.ImageButton0'

2019-03-13 11:25:17 - [TEST_STEP][FAILED] - tap(findTestObject("MobileApp/android.widget.TextView2 - 51088"), 0): tap(findTestObject("MobileApp/android.widget.TextView2 - 51088"), 0) FAILED.
Reason:
com.kms.katalon.core.exception.StepFailedException: Failed to tap on element 'Object Repository/MobileApp/android.widget.TextView2 - 51088'
	at com.kms.katalon.core.keyword.internal.KeywordMain.stepFailed(KeywordMain.groovy:48)
	at com.kms.katalon.core.mobile.keyword.internal.MobileKeywordMain.stepFailed(MobileKeywordMain.groovy:40)
	at com.kms.katalon.core.mobile.keyword.internal.MobileKeywordMain.runKeyword(MobileKeywordMain.groovy:23)
	at com.kms.katalon.core.mobile.keyword.builtin.TapKeyword.tap(TapKeyword.groovy:83)
	at com.kms.katalon.core.mobile.keyword.builtin.TapKeyword.execute(TapKeyword.groovy:66)
	at com.kms.katalon.core.keyword.internal.KeywordExecutor.executeKeywordForPlatform(KeywordExecutor.groovy:56)
	at com.kms.katalon.core.mobile.keyword.MobileBuiltInKeywords.tap(MobileBuiltInKeywords.groovy:485)
	at com.kms.katalon.core.mobile.keyword.MobileBuiltInKeywords$tap$0.call(Unknown Source)
	at Search.run(Search:39)
	at com.kms.katalon.core.main.ScriptEngine.run(ScriptEngine.java:194)
	at com.kms.katalon.core.main.ScriptEngine.runScriptAsRawText(ScriptEngine.java:119)
	at com.kms.katalon.core.main.TestCaseExecutor.runScript(TestCaseExecutor.java:331)
	at com.kms.katalon.core.main.TestCaseExecutor.doExecute(TestCaseExecutor.java:322)
	at com.kms.katalon.core.main.TestCaseExecutor.processExecutionPhase(TestCaseExecutor.java:301)
	at com.kms.katalon.core.main.TestCaseExecutor.accessMainPhase(TestCaseExecutor.java:293)
	at com.kms.katalon.core.main.TestCaseExecutor.execute(TestCaseExecutor.java:227)
	at com.kms.katalon.core.main.TestSuiteExecutor.accessTestCaseMainPhase(TestSuiteExecutor.java:129)
	at com.kms.katalon.core.main.TestSuiteExecutor.accessTestSuiteMainPhase(TestSuiteExecutor.java:112)
	at com.kms.katalon.core.main.TestSuiteExecutor.execute(TestSuiteExecutor.java:81)
	at com.kms.katalon.core.main.TestCaseMain.startTestSuite(TestCaseMain.java:157)
	at com.kms.katalon.core.main.TestCaseMain$startTestSuite$0.call(Unknown Source)
	at TempTestSuite1552450260881.run(TempTestSuite1552450260881.groovy:35)


2019-03-13 11:25:17 - [MESSAGE][WARNING] - Timeout '0' is invalid. Using default page load timeout: '30'

2019-03-13 11:26:01 - [MESSAGE][FAILED] - Object Object Repository/MobileApp/android.widget.TextView2 - 51088 not found
[[ATTACHMENT|/Users/trongbui/katalon/sources/katalon-studio-samples/demo-project/Reports/MobileApp/20190313_111100/1552451148447.png]]

2019-03-13 11:26:12 - [MESSAGE][FAILED] - Failed to tap on element 'Object Repository/MobileApp/android.widget.TextView2 - 51088'
[[ATTACHMENT|/Users/trongbui/katalon/sources/katalon-studio-samples/demo-project/Reports/MobileApp/20190313_111100/1552451161555.png]]

2019-03-13 11:26:12 - [MESSAGE][FAILED] - tap(findTestObject("MobileApp/android.widget.TextView2 - 51088"), 0) FAILED.
Reason:
com.kms.katalon.core.exception.StepFailedException: Failed to tap on element 'Object Repository/MobileApp/android.widget.TextView2 - 51088'
	at com.kms.katalon.core.keyword.internal.KeywordMain.stepFailed(KeywordMain.groovy:48)
	at com.kms.katalon.core.mobile.keyword.internal.MobileKeywordMain.stepFailed(MobileKeywordMain.groovy:40)
	at com.kms.katalon.core.mobile.keyword.internal.MobileKeywordMain.runKeyword(MobileKeywordMain.groovy:23)
	at com.kms.katalon.core.mobile.keyword.builtin.TapKeyword.tap(TapKeyword.groovy:83)
	at com.kms.katalon.core.mobile.keyword.builtin.TapKeyword.execute(TapKeyword.groovy:66)
	at com.kms.katalon.core.keyword.internal.KeywordExecutor.executeKeywordForPlatform(KeywordExecutor.groovy:56)
	at com.kms.katalon.core.mobile.keyword.MobileBuiltInKeywords.tap(MobileBuiltInKeywords.groovy:485)
	at com.kms.katalon.core.mobile.keyword.MobileBuiltInKeywords$tap$0.call(Unknown Source)
	at Search.run(Search:39)
	at com.kms.katalon.core.main.ScriptEngine.run(ScriptEngine.java:194)
	at com.kms.katalon.core.main.ScriptEngine.runScriptAsRawText(ScriptEngine.java:119)
	at com.kms.katalon.core.main.TestCaseExecutor.runScript(TestCaseExecutor.java:331)
	at com.kms.katalon.core.main.TestCaseExecutor.doExecute(TestCaseExecutor.java:322)
	at com.kms.katalon.core.main.TestCaseExecutor.processExecutionPhase(TestCaseExecutor.java:301)
	at com.kms.katalon.core.main.TestCaseExecutor.accessMainPhase(TestCaseExecutor.java:293)
	at com.kms.katalon.core.main.TestCaseExecutor.execute(TestCaseExecutor.java:227)
	at com.kms.katalon.core.main.TestSuiteExecutor.accessTestCaseMainPhase(TestSuiteExecutor.java:129)
	at com.kms.katalon.core.main.TestSuiteExecutor.accessTestSuiteMainPhase(TestSuiteExecutor.java:112)
	at com.kms.katalon.core.main.TestSuiteExecutor.execute(TestSuiteExecutor.java:81)
	at com.kms.katalon.core.main.TestCaseMain.startTestSuite(TestCaseMain.java:157)
	at com.kms.katalon.core.main.TestCaseMain$startTestSuite$0.call(Unknown Source)
	at TempTestSuite1552450260881.run(TempTestSuite1552450260881.groovy:35)]]></system-out>
         <system-err><![CDATA[2019-03-13 11:18:08 - [TEST_CASE][FAILED] - Test Cases/MobileApp/Search: Test Cases/MobileApp/Search FAILED.
Reason:
com.kms.katalon.core.exception.StepFailedException: Failed to tap on element 'Object Repository/MobileApp/android.widget.TextView2 - 51088'
	at com.kms.katalon.core.keyword.internal.KeywordMain.stepFailed(KeywordMain.groovy:48)
	at com.kms.katalon.core.mobile.keyword.internal.MobileKeywordMain.stepFailed(MobileKeywordMain.groovy:40)
	at com.kms.katalon.core.mobile.keyword.internal.MobileKeywordMain.runKeyword(MobileKeywordMain.groovy:23)
	at com.kms.katalon.core.mobile.keyword.builtin.TapKeyword.tap(TapKeyword.groovy:83)
	at com.kms.katalon.core.mobile.keyword.builtin.TapKeyword.execute(TapKeyword.groovy:66)
	at com.kms.katalon.core.keyword.internal.KeywordExecutor.executeKeywordForPlatform(KeywordExecutor.groovy:56)
	at com.kms.katalon.core.mobile.keyword.MobileBuiltInKeywords.tap(MobileBuiltInKeywords.groovy:485)
	at com.kms.katalon.core.mobile.keyword.MobileBuiltInKeywords$tap$0.call(Unknown Source)
	at Search.run(Search:39)
	at com.kms.katalon.core.main.ScriptEngine.run(ScriptEngine.java:194)
	at com.kms.katalon.core.main.ScriptEngine.runScriptAsRawText(ScriptEngine.java:119)
	at com.kms.katalon.core.main.TestCaseExecutor.runScript(TestCaseExecutor.java:331)
	at com.kms.katalon.core.main.TestCaseExecutor.doExecute(TestCaseExecutor.java:322)
	at com.kms.katalon.core.main.TestCaseExecutor.processExecutionPhase(TestCaseExecutor.java:301)
	at com.kms.katalon.core.main.TestCaseExecutor.accessMainPhase(TestCaseExecutor.java:293)
	at com.kms.katalon.core.main.TestCaseExecutor.execute(TestCaseExecutor.java:227)
	at com.kms.katalon.core.main.TestSuiteExecutor.accessTestCaseMainPhase(TestSuiteExecutor.java:129)
	at com.kms.katalon.core.main.TestSuiteExecutor.accessTestSuiteMainPhase(TestSuiteExecutor.java:112)
	at com.kms.katalon.core.main.TestSuiteExecutor.execute(TestSuiteExecutor.java:81)
	at com.kms.katalon.core.main.TestCaseMain.startTestSuite(TestCaseMain.java:157)
	at com.kms.katalon.core.main.TestCaseMain$startTestSuite$0.call(Unknown Source)
	at TempTestSuite1552450260881.run(TempTestSuite1552450260881.groovy:35)]]></system-err>
      </testcase>
      <system-out><![CDATA[2019-03-13 11:11:03 - [TEST_SUITE][FAILED] - MobileApp: Test Cases/MobileApp/Search FAILED.
Reason:
com.kms.katalon.core.exception.StepFailedException: Failed to tap on element 'Object Repository/MobileApp/android.widget.TextView2 - 51088'
	at com.kms.katalon.core.keyword.internal.KeywordMain.stepFailed(KeywordMain.groovy:48)
	at com.kms.katalon.core.mobile.keyword.internal.MobileKeywordMain.stepFailed(MobileKeywordMain.groovy:40)
	at com.kms.katalon.core.mobile.keyword.internal.MobileKeywordMain.runKeyword(MobileKeywordMain.groovy:23)
	at com.kms.katalon.core.mobile.keyword.builtin.TapKeyword.tap(TapKeyword.groovy:83)
	at com.kms.katalon.core.mobile.keyword.builtin.TapKeyword.execute(TapKeyword.groovy:66)
	at com.kms.katalon.core.keyword.internal.KeywordExecutor.executeKeywordForPlatform(KeywordExecutor.groovy:56)
	at com.kms.katalon.core.mobile.keyword.MobileBuiltInKeywords.tap(MobileBuiltInKeywords.groovy:485)
	at com.kms.katalon.core.mobile.keyword.MobileBuiltInKeywords$tap$0.call(Unknown Source)
	at Search.run(Search:39)
	at com.kms.katalon.core.main.ScriptEngine.run(ScriptEngine.java:194)
	at com.kms.katalon.core.main.ScriptEngine.runScriptAsRawText(ScriptEngine.java:119)
	at com.kms.katalon.core.main.TestCaseExecutor.runScript(TestCaseExecutor.java:331)
	at com.kms.katalon.core.main.TestCaseExecutor.doExecute(TestCaseExecutor.java:322)
	at com.kms.katalon.core.main.TestCaseExecutor.processExecutionPhase(TestCaseExecutor.java:301)
	at com.kms.katalon.core.main.TestCaseExecutor.accessMainPhase(TestCaseExecutor.java:293)
	at com.kms.katalon.core.main.TestCaseExecutor.execute(TestCaseExecutor.java:227)
	at com.kms.katalon.core.main.TestSuiteExecutor.accessTestCaseMainPhase(TestSuiteExecutor.java:129)
	at com.kms.katalon.core.main.TestSuiteExecutor.accessTestSuiteMainPhase(TestSuiteExecutor.java:112)
	at com.kms.katalon.core.main.TestSuiteExecutor.execute(TestSuiteExecutor.java:81)
	at com.kms.katalon.core.main.TestCaseMain.startTestSuite(TestCaseMain.java:157)
	at com.kms.katalon.core.main.TestCaseMain$startTestSuite$0.call(Unknown Source)
	at TempTestSuite1552450260881.run(TempTestSuite1552450260881.groovy:35)]]></system-out>
      <system-err><![CDATA[2019-03-13 11:11:03 - [TEST_SUITE][FAILED] - MobileApp: Test Cases/MobileApp/Search FAILED.
Reason:
com.kms.katalon.core.exception.StepFailedException: Failed to tap on element 'Object Repository/MobileApp/android.widget.TextView2 - 51088'
	at com.kms.katalon.core.keyword.internal.KeywordMain.stepFailed(KeywordMain.groovy:48)
	at com.kms.katalon.core.mobile.keyword.internal.MobileKeywordMain.stepFailed(MobileKeywordMain.groovy:40)
	at com.kms.katalon.core.mobile.keyword.internal.MobileKeywordMain.runKeyword(MobileKeywordMain.groovy:23)
	at com.kms.katalon.core.mobile.keyword.builtin.TapKeyword.tap(TapKeyword.groovy:83)
	at com.kms.katalon.core.mobile.keyword.builtin.TapKeyword.execute(TapKeyword.groovy:66)
	at com.kms.katalon.core.keyword.internal.KeywordExecutor.executeKeywordForPlatform(KeywordExecutor.groovy:56)
	at com.kms.katalon.core.mobile.keyword.MobileBuiltInKeywords.tap(MobileBuiltInKeywords.groovy:485)
	at com.kms.katalon.core.mobile.keyword.MobileBuiltInKeywords$tap$0.call(Unknown Source)
	at Search.run(Search:39)
	at com.kms.katalon.core.main.ScriptEngine.run(ScriptEngine.java:194)
	at com.kms.katalon.core.main.ScriptEngine.runScriptAsRawText(ScriptEngine.java:119)
	at com.kms.katalon.core.main.TestCaseExecutor.runScript(TestCaseExecutor.java:331)
	at com.kms.katalon.core.main.TestCaseExecutor.doExecute(TestCaseExecutor.java:322)
	at com.kms.katalon.core.main.TestCaseExecutor.processExecutionPhase(TestCaseExecutor.java:301)
	at com.kms.katalon.core.main.TestCaseExecutor.accessMainPhase(TestCaseExecutor.java:293)
	at com.kms.katalon.core.main.TestCaseExecutor.execute(TestCaseExecutor.java:227)
	at com.kms.katalon.core.main.TestSuiteExecutor.accessTestCaseMainPhase(TestSuiteExecutor.java:129)
	at com.kms.katalon.core.main.TestSuiteExecutor.accessTestSuiteMainPhase(TestSuiteExecutor.java:112)
	at com.kms.katalon.core.main.TestSuiteExecutor.execute(TestSuiteExecutor.java:81)
	at com.kms.katalon.core.main.TestCaseMain.startTestSuite(TestCaseMain.java:157)
	at com.kms.katalon.core.main.TestCaseMain$startTestSuite$0.call(Unknown Source)
	at TempTestSuite1552450260881.run(TempTestSuite1552450260881.groovy:35)]]></system-err>
   </testsuite>
</testsuites>
