Started by user [8mha:////4FN88H8RrhTBzIF+lJAjMLBc7u8Svt/xokmPCiLj+FzmAAAAlx+LCAAAAAAAAP9b85aBtbiIQTGjNKU4P08vOT+vOD8nVc83PyU1x6OyILUoJzMv2y+/JJUBAhiZGBgqihhk0NSjKDWzXb3RdlLBUSYGJk8GtpzUvPSSDB8G5tKinBIGIZ+sxLJE/ZzEvHT94JKizLx0a6BxUmjGOUNodHsLgAzWEgZu/dLi1CL9xJTczDwAj6GcLcAAAAA=[0madmin
Building in workspace /var/jenkins_home/workspace/Teste_Automatizado
[Teste_Automatizado] $ /bin/sh -xe /tmp/jenkins4779766395779164467.sh
+ /var/jenkins_home/tools/katalon/katalon --args -runMode=console -projectPath=/var/jenkins_home/workspace/Teste_Automatizado/Hemovida/Hemovida.prj -reportFolder=/var/jenkins_home/workspace/Teste_Automatizado/Reports -reportFileName=/var/jenkins_home/workspace/Teste_Automatizado/report -retry=0 -testSuitePath=/var/jenkins_home/workspace/Teste_Automatizado/Hemovida/Test Suites/ -browserType=Chrome
Unable to init server: Could not connect: Connection refused
Delete folder: bin
Delete folder: Libs
Opening project file: /var/jenkins_home/workspace/Teste_Automatizado/Hemovida/Hemovida.prj
Request sent successfully.
[EL Warning]: 2019-02-13 17:37:36.363--Ignoring attribute [lastRun] on class [TestSuiteEntity] as no Property was generated for it.
Starting Groovy-Eclipse compiler resolver.  Specified compiler level: unspecified
166 2.4.7.xx-201611170128-e46 = ACTIVE
Parsing custom keywords...
Generating global variables...
Project 'Hemovida' opened
com.kms.katalon.execution.exception.ExecutionException: com.kms.katalon.execution.exception.InvalidConsoleArgumentException: Test suite '/var/jenkins_home/workspace/Teste_Automatizado/Hemovida/Test Suites/' not found.
	at com.kms.katalon.execution.console.entity.TestSuiteLauncherOptionParser.getConsoleLauncher(TestSuiteLauncherOptionParser.java:114)
	at com.kms.katalon.execution.console.ConsoleExecutor.execute(ConsoleExecutor.java:75)
	at com.kms.katalon.execution.console.ConsoleMain.launch(ConsoleMain.java:102)
	at com.kms.katalon.console.application.Application.runConsole(Application.java:76)
	at com.kms.katalon.core.application.Application.runConsole(Application.java:76)
	at com.kms.katalon.core.application.Application.start(Application.java:59)
	at org.eclipse.equinox.internal.app.EclipseAppHandle.run(EclipseAppHandle.java:196)
	at org.eclipse.core.runtime.internal.adaptor.EclipseAppLauncher.runApplication(EclipseAppLauncher.java:134)
	at org.eclipse.core.runtime.internal.adaptor.EclipseAppLauncher.start(EclipseAppLauncher.java:104)
	at org.eclipse.core.runtime.adaptor.EclipseStarter.run(EclipseStarter.java:388)
	at org.eclipse.core.runtime.adaptor.EclipseStarter.run(EclipseStarter.java:243)
	at sun.reflect.NativeMethodAccessorImpl.invoke0(Native Method)
	at sun.reflect.NativeMethodAccessorImpl.invoke(NativeMethodAccessorImpl.java:62)
	at sun.reflect.DelegatingMethodAccessorImpl.invoke(DelegatingMethodAccessorImpl.java:43)
	at java.lang.reflect.Method.invoke(Method.java:498)
	at org.eclipse.equinox.launcher.Main.invokeFramework(Main.java:673)
	at org.eclipse.equinox.launcher.Main.basicRun(Main.java:610)
	at org.eclipse.equinox.launcher.Main.run(Main.java:1519)
	at org.eclipse.equinox.launcher.Main.main(Main.java:1492)
Caused by: com.kms.katalon.execution.exception.InvalidConsoleArgumentException: Test suite '/var/jenkins_home/workspace/Teste_Automatizado/Hemovida/Test Suites/' not found.
	at com.kms.katalon.execution.console.entity.TestSuiteLauncherOptionParser.throwInvalidTestSuiteIdException(TestSuiteLauncherOptionParser.java:147)
	at com.kms.katalon.execution.console.entity.TestSuiteLauncherOptionParser.getTestSuite(TestSuiteLauncherOptionParser.java:142)
	at com.kms.katalon.execution.console.entity.TestSuiteLauncherOptionParser.getConsoleLauncher(TestSuiteLauncherOptionParser.java:91)
	... 18 more

Build step 'Execute shell' marked build as failure
Finished: FAILURE
