<?xml version="1.0" encoding="UTF-8"?>
<testsuites name="Hemovida" time="0" tests="0" failures="0" errors="1">
   <testsuite name="Hemovida" tests="0" failures="0" errors="1" time="0" timestamp="2019-02-08 13:09:51" hostname="jenkins - 5c213bf4da59" id="Test Suites/Hemovida">
      <properties>
         <property name="deviceName" value=""/>
         <property name="devicePlatform" value=""/>
         <property name="logFolder" value="/var/jenkins_home/workspace/Teste Automatizado/Hemovida/Reports/Hemovida/20190208_130950"/>
         <property name="logFiles" value="/var/jenkins_home/workspace/Teste Automatizado/Hemovida/Reports/Hemovida/20190208_130950/execution0.log"/>
         <property name="attachments" value=""/>
         <property name="hostName" value="jenkins - 5c213bf4da59"/>
         <property name="hostAddress" value="172.19.0.2"/>
         <property name="os" value="Linux 64bit"/>
         <property name="katalonVersion" value="5.10.1.1"/>
      </properties>
      <testcase name="Test Cases/Login" classname="Test Cases/Login" status="ERROR">
         <error type="ERROR" message="Test Cases/Login FAILED.
Reason:
java.awt.AWTError: Can't connect to X11 window server using ':1' as the value of the DISPLAY variable.
	at org.sikuli.api.robot.desktop.AWTDesktop.&lt;clinit>(AWTDesktop.java:26)
	at org.sikuli.api.robot.desktop.DesktopScreen.getSize(DesktopScreen.java:43)
	at org.sikuli.api.AbstractScreenRegion.&lt;init>(AbstractScreenRegion.java:19)
	at org.sikuli.api.DefaultScreenRegion.&lt;init>(DefaultScreenRegion.java:37)
	at org.sikuli.api.DesktopScreenRegion.&lt;init>(DesktopScreenRegion.java:11)
	at com.kms.katalon.core.webui.common.ScreenUtil.&lt;init>(ScreenUtil.java:26)
	at com.kms.katalon.core.webui.keyword.internal.WebUIAbstractKeyword.&lt;clinit>(WebUIAbstractKeyword.groovy:20)
	at com.kms.katalon.core.keyword.internal.KeywordExecutor.getActions(KeywordExecutor.groovy:130)
	at com.kms.katalon.core.keyword.internal.KeywordExecutor.executeKeywordForPlatform(KeywordExecutor.groovy:49)
	at com.kms.katalon.core.webui.keyword.WebUiBuiltInKeywords.openBrowser(WebUiBuiltInKeywords.groovy:60)
	at com.kms.katalon.core.webui.keyword.WebUiBuiltInKeywords$openBrowser.call(Unknown Source)
	at Login.run(Login:31)
	at com.kms.katalon.core.main.ScriptEngine.run(ScriptEngine.java:194)
	at com.kms.katalon.core.main.ScriptEngine.runScriptAsRawText(ScriptEngine.java:119)
	at com.kms.katalon.core.main.TestCaseExecutor.runScript(TestCaseExecutor.java:328)
	at com.kms.katalon.core.main.TestCaseExecutor.doExecute(TestCaseExecutor.java:319)
	at com.kms.katalon.core.main.TestCaseExecutor.processExecutionPhase(TestCaseExecutor.java:298)
	at com.kms.katalon.core.main.TestCaseExecutor.accessMainPhase(TestCaseExecutor.java:290)
	at com.kms.katalon.core.main.TestCaseExecutor.execute(TestCaseExecutor.java:224)
	at com.kms.katalon.core.main.TestSuiteExecutor.accessTestCaseMainPhase(TestSuiteExecutor.java:129)
	at com.kms.katalon.core.main.TestSuiteExecutor.accessTestSuiteMainPhase(TestSuiteExecutor.java:112)
	at com.kms.katalon.core.main.TestSuiteExecutor.execute(TestSuiteExecutor.java:81)
	at com.kms.katalon.core.main.TestCaseMain.startTestSuite(TestCaseMain.java:149)
	at com.kms.katalon.core.main.TestCaseMain$startTestSuite$0.call(Unknown Source)
	at TempTestSuite1549631390454.run(TempTestSuite1549631390454.groovy:36)
"/>
         <system-out><![CDATA[2019-02-08 13:09:52 - [TEST_CASE][ERROR] - Test Cases/Login: Test Cases/Login FAILED.
Reason:
java.awt.AWTError: Can't connect to X11 window server using ':1' as the value of the DISPLAY variable.
	at org.sikuli.api.robot.desktop.AWTDesktop.<clinit>(AWTDesktop.java:26)
	at org.sikuli.api.robot.desktop.DesktopScreen.getSize(DesktopScreen.java:43)
	at org.sikuli.api.AbstractScreenRegion.<init>(AbstractScreenRegion.java:19)
	at org.sikuli.api.DefaultScreenRegion.<init>(DefaultScreenRegion.java:37)
	at org.sikuli.api.DesktopScreenRegion.<init>(DesktopScreenRegion.java:11)
	at com.kms.katalon.core.webui.common.ScreenUtil.<init>(ScreenUtil.java:26)
	at com.kms.katalon.core.webui.keyword.internal.WebUIAbstractKeyword.<clinit>(WebUIAbstractKeyword.groovy:20)
	at com.kms.katalon.core.keyword.internal.KeywordExecutor.getActions(KeywordExecutor.groovy:130)
	at com.kms.katalon.core.keyword.internal.KeywordExecutor.executeKeywordForPlatform(KeywordExecutor.groovy:49)
	at com.kms.katalon.core.webui.keyword.WebUiBuiltInKeywords.openBrowser(WebUiBuiltInKeywords.groovy:60)
	at com.kms.katalon.core.webui.keyword.WebUiBuiltInKeywords$openBrowser.call(Unknown Source)
	at Login.run(Login:31)
	at com.kms.katalon.core.main.ScriptEngine.run(ScriptEngine.java:194)
	at com.kms.katalon.core.main.ScriptEngine.runScriptAsRawText(ScriptEngine.java:119)
	at com.kms.katalon.core.main.TestCaseExecutor.runScript(TestCaseExecutor.java:328)
	at com.kms.katalon.core.main.TestCaseExecutor.doExecute(TestCaseExecutor.java:319)
	at com.kms.katalon.core.main.TestCaseExecutor.processExecutionPhase(TestCaseExecutor.java:298)
	at com.kms.katalon.core.main.TestCaseExecutor.accessMainPhase(TestCaseExecutor.java:290)
	at com.kms.katalon.core.main.TestCaseExecutor.execute(TestCaseExecutor.java:224)
	at com.kms.katalon.core.main.TestSuiteExecutor.accessTestCaseMainPhase(TestSuiteExecutor.java:129)
	at com.kms.katalon.core.main.TestSuiteExecutor.accessTestSuiteMainPhase(TestSuiteExecutor.java:112)
	at com.kms.katalon.core.main.TestSuiteExecutor.execute(TestSuiteExecutor.java:81)
	at com.kms.katalon.core.main.TestCaseMain.startTestSuite(TestCaseMain.java:149)
	at com.kms.katalon.core.main.TestCaseMain$startTestSuite$0.call(Unknown Source)
	at TempTestSuite1549631390454.run(TempTestSuite1549631390454.groovy:36)


2019-02-08 13:09:52 - [TEST_STEP][ERROR] - openBrowser("http://hemovida.desenvolvimento.saude.gov/"): openBrowser("http://hemovida.desenvolvimento.saude.gov/") FAILED.
Reason:
java.awt.AWTError: Can't connect to X11 window server using ':1' as the value of the DISPLAY variable.
	at org.sikuli.api.robot.desktop.AWTDesktop.<clinit>(AWTDesktop.java:26)
	at org.sikuli.api.robot.desktop.DesktopScreen.getSize(DesktopScreen.java:43)
	at org.sikuli.api.AbstractScreenRegion.<init>(AbstractScreenRegion.java:19)
	at org.sikuli.api.DefaultScreenRegion.<init>(DefaultScreenRegion.java:37)
	at org.sikuli.api.DesktopScreenRegion.<init>(DesktopScreenRegion.java:11)
	at com.kms.katalon.core.webui.common.ScreenUtil.<init>(ScreenUtil.java:26)
	at com.kms.katalon.core.webui.keyword.internal.WebUIAbstractKeyword.<clinit>(WebUIAbstractKeyword.groovy:20)
	at com.kms.katalon.core.keyword.internal.KeywordExecutor.getActions(KeywordExecutor.groovy:130)
	at com.kms.katalon.core.keyword.internal.KeywordExecutor.executeKeywordForPlatform(KeywordExecutor.groovy:49)
	at com.kms.katalon.core.webui.keyword.WebUiBuiltInKeywords.openBrowser(WebUiBuiltInKeywords.groovy:60)
	at com.kms.katalon.core.webui.keyword.WebUiBuiltInKeywords$openBrowser.call(Unknown Source)
	at Login.run(Login:31)
	at com.kms.katalon.core.main.ScriptEngine.run(ScriptEngine.java:194)
	at com.kms.katalon.core.main.ScriptEngine.runScriptAsRawText(ScriptEngine.java:119)
	at com.kms.katalon.core.main.TestCaseExecutor.runScript(TestCaseExecutor.java:328)
	at com.kms.katalon.core.main.TestCaseExecutor.doExecute(TestCaseExecutor.java:319)
	at com.kms.katalon.core.main.TestCaseExecutor.processExecutionPhase(TestCaseExecutor.java:298)
	at com.kms.katalon.core.main.TestCaseExecutor.accessMainPhase(TestCaseExecutor.java:290)
	at com.kms.katalon.core.main.TestCaseExecutor.execute(TestCaseExecutor.java:224)
	at com.kms.katalon.core.main.TestSuiteExecutor.accessTestCaseMainPhase(TestSuiteExecutor.java:129)
	at com.kms.katalon.core.main.TestSuiteExecutor.accessTestSuiteMainPhase(TestSuiteExecutor.java:112)
	at com.kms.katalon.core.main.TestSuiteExecutor.execute(TestSuiteExecutor.java:81)
	at com.kms.katalon.core.main.TestCaseMain.startTestSuite(TestCaseMain.java:149)
	at com.kms.katalon.core.main.TestCaseMain$startTestSuite$0.call(Unknown Source)
	at TempTestSuite1549631390454.run(TempTestSuite1549631390454.groovy:36)


2019-02-08 13:09:52 - [MESSAGE][ERROR] - openBrowser("http://hemovida.desenvolvimento.saude.gov/") FAILED.
Reason:
java.awt.AWTError: Can't connect to X11 window server using ':1' as the value of the DISPLAY variable.
	at org.sikuli.api.robot.desktop.AWTDesktop.<clinit>(AWTDesktop.java:26)
	at org.sikuli.api.robot.desktop.DesktopScreen.getSize(DesktopScreen.java:43)
	at org.sikuli.api.AbstractScreenRegion.<init>(AbstractScreenRegion.java:19)
	at org.sikuli.api.DefaultScreenRegion.<init>(DefaultScreenRegion.java:37)
	at org.sikuli.api.DesktopScreenRegion.<init>(DesktopScreenRegion.java:11)
	at com.kms.katalon.core.webui.common.ScreenUtil.<init>(ScreenUtil.java:26)
	at com.kms.katalon.core.webui.keyword.internal.WebUIAbstractKeyword.<clinit>(WebUIAbstractKeyword.groovy:20)
	at com.kms.katalon.core.keyword.internal.KeywordExecutor.getActions(KeywordExecutor.groovy:130)
	at com.kms.katalon.core.keyword.internal.KeywordExecutor.executeKeywordForPlatform(KeywordExecutor.groovy:49)
	at com.kms.katalon.core.webui.keyword.WebUiBuiltInKeywords.openBrowser(WebUiBuiltInKeywords.groovy:60)
	at com.kms.katalon.core.webui.keyword.WebUiBuiltInKeywords$openBrowser.call(Unknown Source)
	at Login.run(Login:31)
	at com.kms.katalon.core.main.ScriptEngine.run(ScriptEngine.java:194)
	at com.kms.katalon.core.main.ScriptEngine.runScriptAsRawText(ScriptEngine.java:119)
	at com.kms.katalon.core.main.TestCaseExecutor.runScript(TestCaseExecutor.java:328)
	at com.kms.katalon.core.main.TestCaseExecutor.doExecute(TestCaseExecutor.java:319)
	at com.kms.katalon.core.main.TestCaseExecutor.processExecutionPhase(TestCaseExecutor.java:298)
	at com.kms.katalon.core.main.TestCaseExecutor.accessMainPhase(TestCaseExecutor.java:290)
	at com.kms.katalon.core.main.TestCaseExecutor.execute(TestCaseExecutor.java:224)
	at com.kms.katalon.core.main.TestSuiteExecutor.accessTestCaseMainPhase(TestSuiteExecutor.java:129)
	at com.kms.katalon.core.main.TestSuiteExecutor.accessTestSuiteMainPhase(TestSuiteExecutor.java:112)
	at com.kms.katalon.core.main.TestSuiteExecutor.execute(TestSuiteExecutor.java:81)
	at com.kms.katalon.core.main.TestCaseMain.startTestSuite(TestCaseMain.java:149)
	at com.kms.katalon.core.main.TestCaseMain$startTestSuite$0.call(Unknown Source)
	at TempTestSuite1549631390454.run(TempTestSuite1549631390454.groovy:36)]]></system-out>
         <system-err><![CDATA[2019-02-08 13:09:52 - [TEST_CASE][ERROR] - Test Cases/Login: Test Cases/Login FAILED.
Reason:
java.awt.AWTError: Can't connect to X11 window server using ':1' as the value of the DISPLAY variable.
	at org.sikuli.api.robot.desktop.AWTDesktop.<clinit>(AWTDesktop.java:26)
	at org.sikuli.api.robot.desktop.DesktopScreen.getSize(DesktopScreen.java:43)
	at org.sikuli.api.AbstractScreenRegion.<init>(AbstractScreenRegion.java:19)
	at org.sikuli.api.DefaultScreenRegion.<init>(DefaultScreenRegion.java:37)
	at org.sikuli.api.DesktopScreenRegion.<init>(DesktopScreenRegion.java:11)
	at com.kms.katalon.core.webui.common.ScreenUtil.<init>(ScreenUtil.java:26)
	at com.kms.katalon.core.webui.keyword.internal.WebUIAbstractKeyword.<clinit>(WebUIAbstractKeyword.groovy:20)
	at com.kms.katalon.core.keyword.internal.KeywordExecutor.getActions(KeywordExecutor.groovy:130)
	at com.kms.katalon.core.keyword.internal.KeywordExecutor.executeKeywordForPlatform(KeywordExecutor.groovy:49)
	at com.kms.katalon.core.webui.keyword.WebUiBuiltInKeywords.openBrowser(WebUiBuiltInKeywords.groovy:60)
	at com.kms.katalon.core.webui.keyword.WebUiBuiltInKeywords$openBrowser.call(Unknown Source)
	at Login.run(Login:31)
	at com.kms.katalon.core.main.ScriptEngine.run(ScriptEngine.java:194)
	at com.kms.katalon.core.main.ScriptEngine.runScriptAsRawText(ScriptEngine.java:119)
	at com.kms.katalon.core.main.TestCaseExecutor.runScript(TestCaseExecutor.java:328)
	at com.kms.katalon.core.main.TestCaseExecutor.doExecute(TestCaseExecutor.java:319)
	at com.kms.katalon.core.main.TestCaseExecutor.processExecutionPhase(TestCaseExecutor.java:298)
	at com.kms.katalon.core.main.TestCaseExecutor.accessMainPhase(TestCaseExecutor.java:290)
	at com.kms.katalon.core.main.TestCaseExecutor.execute(TestCaseExecutor.java:224)
	at com.kms.katalon.core.main.TestSuiteExecutor.accessTestCaseMainPhase(TestSuiteExecutor.java:129)
	at com.kms.katalon.core.main.TestSuiteExecutor.accessTestSuiteMainPhase(TestSuiteExecutor.java:112)
	at com.kms.katalon.core.main.TestSuiteExecutor.execute(TestSuiteExecutor.java:81)
	at com.kms.katalon.core.main.TestCaseMain.startTestSuite(TestCaseMain.java:149)
	at com.kms.katalon.core.main.TestCaseMain$startTestSuite$0.call(Unknown Source)
	at TempTestSuite1549631390454.run(TempTestSuite1549631390454.groovy:36)]]></system-err>
      </testcase>
      <system-out><![CDATA[2019-02-08 13:09:51 - [TEST_SUITE][ERROR] - Hemovida: Test Cases/Login FAILED.
Reason:
java.awt.AWTError: Can't connect to X11 window server using ':1' as the value of the DISPLAY variable.
	at org.sikuli.api.robot.desktop.AWTDesktop.<clinit>(AWTDesktop.java:26)
	at org.sikuli.api.robot.desktop.DesktopScreen.getSize(DesktopScreen.java:43)
	at org.sikuli.api.AbstractScreenRegion.<init>(AbstractScreenRegion.java:19)
	at org.sikuli.api.DefaultScreenRegion.<init>(DefaultScreenRegion.java:37)
	at org.sikuli.api.DesktopScreenRegion.<init>(DesktopScreenRegion.java:11)
	at com.kms.katalon.core.webui.common.ScreenUtil.<init>(ScreenUtil.java:26)
	at com.kms.katalon.core.webui.keyword.internal.WebUIAbstractKeyword.<clinit>(WebUIAbstractKeyword.groovy:20)
	at com.kms.katalon.core.keyword.internal.KeywordExecutor.getActions(KeywordExecutor.groovy:130)
	at com.kms.katalon.core.keyword.internal.KeywordExecutor.executeKeywordForPlatform(KeywordExecutor.groovy:49)
	at com.kms.katalon.core.webui.keyword.WebUiBuiltInKeywords.openBrowser(WebUiBuiltInKeywords.groovy:60)
	at com.kms.katalon.core.webui.keyword.WebUiBuiltInKeywords$openBrowser.call(Unknown Source)
	at Login.run(Login:31)
	at com.kms.katalon.core.main.ScriptEngine.run(ScriptEngine.java:194)
	at com.kms.katalon.core.main.ScriptEngine.runScriptAsRawText(ScriptEngine.java:119)
	at com.kms.katalon.core.main.TestCaseExecutor.runScript(TestCaseExecutor.java:328)
	at com.kms.katalon.core.main.TestCaseExecutor.doExecute(TestCaseExecutor.java:319)
	at com.kms.katalon.core.main.TestCaseExecutor.processExecutionPhase(TestCaseExecutor.java:298)
	at com.kms.katalon.core.main.TestCaseExecutor.accessMainPhase(TestCaseExecutor.java:290)
	at com.kms.katalon.core.main.TestCaseExecutor.execute(TestCaseExecutor.java:224)
	at com.kms.katalon.core.main.TestSuiteExecutor.accessTestCaseMainPhase(TestSuiteExecutor.java:129)
	at com.kms.katalon.core.main.TestSuiteExecutor.accessTestSuiteMainPhase(TestSuiteExecutor.java:112)
	at com.kms.katalon.core.main.TestSuiteExecutor.execute(TestSuiteExecutor.java:81)
	at com.kms.katalon.core.main.TestCaseMain.startTestSuite(TestCaseMain.java:149)
	at com.kms.katalon.core.main.TestCaseMain$startTestSuite$0.call(Unknown Source)
	at TempTestSuite1549631390454.run(TempTestSuite1549631390454.groovy:36)]]></system-out>
      <system-err><![CDATA[2019-02-08 13:09:51 - [TEST_SUITE][ERROR] - Hemovida: Test Cases/Login FAILED.
Reason:
java.awt.AWTError: Can't connect to X11 window server using ':1' as the value of the DISPLAY variable.
	at org.sikuli.api.robot.desktop.AWTDesktop.<clinit>(AWTDesktop.java:26)
	at org.sikuli.api.robot.desktop.DesktopScreen.getSize(DesktopScreen.java:43)
	at org.sikuli.api.AbstractScreenRegion.<init>(AbstractScreenRegion.java:19)
	at org.sikuli.api.DefaultScreenRegion.<init>(DefaultScreenRegion.java:37)
	at org.sikuli.api.DesktopScreenRegion.<init>(DesktopScreenRegion.java:11)
	at com.kms.katalon.core.webui.common.ScreenUtil.<init>(ScreenUtil.java:26)
	at com.kms.katalon.core.webui.keyword.internal.WebUIAbstractKeyword.<clinit>(WebUIAbstractKeyword.groovy:20)
	at com.kms.katalon.core.keyword.internal.KeywordExecutor.getActions(KeywordExecutor.groovy:130)
	at com.kms.katalon.core.keyword.internal.KeywordExecutor.executeKeywordForPlatform(KeywordExecutor.groovy:49)
	at com.kms.katalon.core.webui.keyword.WebUiBuiltInKeywords.openBrowser(WebUiBuiltInKeywords.groovy:60)
	at com.kms.katalon.core.webui.keyword.WebUiBuiltInKeywords$openBrowser.call(Unknown Source)
	at Login.run(Login:31)
	at com.kms.katalon.core.main.ScriptEngine.run(ScriptEngine.java:194)
	at com.kms.katalon.core.main.ScriptEngine.runScriptAsRawText(ScriptEngine.java:119)
	at com.kms.katalon.core.main.TestCaseExecutor.runScript(TestCaseExecutor.java:328)
	at com.kms.katalon.core.main.TestCaseExecutor.doExecute(TestCaseExecutor.java:319)
	at com.kms.katalon.core.main.TestCaseExecutor.processExecutionPhase(TestCaseExecutor.java:298)
	at com.kms.katalon.core.main.TestCaseExecutor.accessMainPhase(TestCaseExecutor.java:290)
	at com.kms.katalon.core.main.TestCaseExecutor.execute(TestCaseExecutor.java:224)
	at com.kms.katalon.core.main.TestSuiteExecutor.accessTestCaseMainPhase(TestSuiteExecutor.java:129)
	at com.kms.katalon.core.main.TestSuiteExecutor.accessTestSuiteMainPhase(TestSuiteExecutor.java:112)
	at com.kms.katalon.core.main.TestSuiteExecutor.execute(TestSuiteExecutor.java:81)
	at com.kms.katalon.core.main.TestCaseMain.startTestSuite(TestCaseMain.java:149)
	at com.kms.katalon.core.main.TestCaseMain$startTestSuite$0.call(Unknown Source)
	at TempTestSuite1549631390454.run(TempTestSuite1549631390454.groovy:36)]]></system-err>
   </testsuite>
</testsuites>
