<?xml version='1.1' encoding='UTF-8'?>
<result plugin="junit@1.27">
  <suites>
    <suite>
      <file>/var/jenkins_home/workspace/Teste_Automatizado/Hemovida/Reports/JUnit_Report.xml</file>
      <name>Hemovida</name>
      <stdout>2019-02-18 16:09:10 - [TEST_SUITE][ERROR] - Hemovida: Test Cases/Variaveis FAILED.
Reason:
org.codehaus.groovy.control.MultipleCompilationErrorsException: startup failed:
file:/var/jenkins_home/workspace/Teste_Automatizado/Hemovida/Scripts/Variaveis/Script1550234869015.groovy: 42: you tried to assign a value to the class &apos;java.lang.String&apos;
 @ line 42, column 1.
   String = selenium.getEval(&apos;\&apos;TESTE - SANGUE TOTAL \&apos; + (new Date()).getTime()&apos;)
   ^

1 error

	at com.kms.katalon.core.main.ScriptEngine.getScript(ScriptEngine.java:199)
	at com.kms.katalon.core.main.ScriptEngine.run(ScriptEngine.java:194)
	at com.kms.katalon.core.main.ScriptEngine.runScriptAsRawText(ScriptEngine.java:119)
	at com.kms.katalon.core.main.TestCaseExecutor.runScript(TestCaseExecutor.java:328)
	at com.kms.katalon.core.main.TestCaseExecutor.doExecute(TestCaseExecutor.java:319)
	at com.kms.katalon.core.main.TestCaseExecutor.processExecutionPhase(TestCaseExecutor.java:298)
	at com.kms.katalon.core.main.TestCaseExecutor.accessMainPhase(TestCaseExecutor.java:290)
	at com.kms.katalon.core.main.TestCaseExecutor.execute(TestCaseExecutor.java:224)
	at com.kms.katalon.core.main.TestSuiteExecutor.accessTestCaseMainPhase(TestSuiteExecutor.java:129)
	at com.kms.katalon.core.main.TestSuiteExecutor.accessTestSuiteMainPhase(TestSuiteExecutor.java:112)
	at com.kms.katalon.core.main.TestSuiteExecutor.execute(TestSuiteExecutor.java:81)
	at com.kms.katalon.core.main.TestCaseMain.startTestSuite(TestCaseMain.java:149)
	at com.kms.katalon.core.main.TestCaseMain$startTestSuite$0.call(Unknown Source)
	at TempTestSuite1550506147558.run(TempTestSuite1550506147558.groovy:36)</stdout>
      <stderr>2019-02-18 16:09:10 - [TEST_SUITE][ERROR] - Hemovida: Test Cases/Variaveis FAILED.
Reason:
org.codehaus.groovy.control.MultipleCompilationErrorsException: startup failed:
file:/var/jenkins_home/workspace/Teste_Automatizado/Hemovida/Scripts/Variaveis/Script1550234869015.groovy: 42: you tried to assign a value to the class &apos;java.lang.String&apos;
 @ line 42, column 1.
   String = selenium.getEval(&apos;\&apos;TESTE - SANGUE TOTAL \&apos; + (new Date()).getTime()&apos;)
   ^

1 error

	at com.kms.katalon.core.main.ScriptEngine.getScript(ScriptEngine.java:199)
	at com.kms.katalon.core.main.ScriptEngine.run(ScriptEngine.java:194)
	at com.kms.katalon.core.main.ScriptEngine.runScriptAsRawText(ScriptEngine.java:119)
	at com.kms.katalon.core.main.TestCaseExecutor.runScript(TestCaseExecutor.java:328)
	at com.kms.katalon.core.main.TestCaseExecutor.doExecute(TestCaseExecutor.java:319)
	at com.kms.katalon.core.main.TestCaseExecutor.processExecutionPhase(TestCaseExecutor.java:298)
	at com.kms.katalon.core.main.TestCaseExecutor.accessMainPhase(TestCaseExecutor.java:290)
	at com.kms.katalon.core.main.TestCaseExecutor.execute(TestCaseExecutor.java:224)
	at com.kms.katalon.core.main.TestSuiteExecutor.accessTestCaseMainPhase(TestSuiteExecutor.java:129)
	at com.kms.katalon.core.main.TestSuiteExecutor.accessTestSuiteMainPhase(TestSuiteExecutor.java:112)
	at com.kms.katalon.core.main.TestSuiteExecutor.execute(TestSuiteExecutor.java:81)
	at com.kms.katalon.core.main.TestCaseMain.startTestSuite(TestCaseMain.java:149)
	at com.kms.katalon.core.main.TestCaseMain$startTestSuite$0.call(Unknown Source)
	at TempTestSuite1550506147558.run(TempTestSuite1550506147558.groovy:36)</stderr>
      <duration>2.0</duration>
      <timestamp>2019-02-18 16:09:10</timestamp>
      <id>Test Suites/Hemovida</id>
      <time>2</time>
      <enclosingBlocks/>
      <enclosingBlockNames/>
      <cases>
        <case>
          <duration>0.0</duration>
          <className>Test Cases/Variaveis</className>
          <testName>Test Cases/Variaveis</testName>
          <skipped>false</skipped>
          <errorStackTrace></errorStackTrace>
          <errorDetails>Test Cases/Variaveis FAILED. Reason: org.codehaus.groovy.control.MultipleCompilationErrorsException: startup failed: file:/var/jenkins_home/workspace/Teste_Automatizado/Hemovida/Scripts/Variaveis/Script1550234869015.groovy: 42: you tried to assign a value to the class &apos;java.lang.String&apos;  @ line 42, column 1.    String = selenium.getEval(&apos;\&apos;TESTE - SANGUE TOTAL \&apos; + (new Date()).getTime()&apos;)    ^  1 error   at com.kms.katalon.core.main.ScriptEngine.getScript(ScriptEngine.java:199)  at com.kms.katalon.core.main.ScriptEngine.run(ScriptEngine.java:194)  at com.kms.katalon.core.main.ScriptEngine.runScriptAsRawText(ScriptEngine.java:119)  at com.kms.katalon.core.main.TestCaseExecutor.runScript(TestCaseExecutor.java:328)  at com.kms.katalon.core.main.TestCaseExecutor.doExecute(TestCaseExecutor.java:319)  at com.kms.katalon.core.main.TestCaseExecutor.processExecutionPhase(TestCaseExecutor.java:298)  at com.kms.katalon.core.main.TestCaseExecutor.accessMainPhase(TestCaseExecutor.java:290)  at com.kms.katalon.core.main.TestCaseExecutor.execute(TestCaseExecutor.java:224)  at com.kms.katalon.core.main.TestSuiteExecutor.accessTestCaseMainPhase(TestSuiteExecutor.java:129)  at com.kms.katalon.core.main.TestSuiteExecutor.accessTestSuiteMainPhase(TestSuiteExecutor.java:112)  at com.kms.katalon.core.main.TestSuiteExecutor.execute(TestSuiteExecutor.java:81)  at com.kms.katalon.core.main.TestCaseMain.startTestSuite(TestCaseMain.java:149)  at com.kms.katalon.core.main.TestCaseMain$startTestSuite$0.call(Unknown Source)  at TempTestSuite1550506147558.run(TempTestSuite1550506147558.groovy:36) </errorDetails>
          <stdout>2019-02-18 16:09:10 - [TEST_CASE][ERROR] - Test Cases/Variaveis: Test Cases/Variaveis FAILED.
Reason:
org.codehaus.groovy.control.MultipleCompilationErrorsException: startup failed:
file:/var/jenkins_home/workspace/Teste_Automatizado/Hemovida/Scripts/Variaveis/Script1550234869015.groovy: 42: you tried to assign a value to the class &apos;java.lang.String&apos;
 @ line 42, column 1.
   String = selenium.getEval(&apos;\&apos;TESTE - SANGUE TOTAL \&apos; + (new Date()).getTime()&apos;)
   ^

1 error

	at com.kms.katalon.core.main.ScriptEngine.getScript(ScriptEngine.java:199)
	at com.kms.katalon.core.main.ScriptEngine.run(ScriptEngine.java:194)
	at com.kms.katalon.core.main.ScriptEngine.runScriptAsRawText(ScriptEngine.java:119)
	at com.kms.katalon.core.main.TestCaseExecutor.runScript(TestCaseExecutor.java:328)
	at com.kms.katalon.core.main.TestCaseExecutor.doExecute(TestCaseExecutor.java:319)
	at com.kms.katalon.core.main.TestCaseExecutor.processExecutionPhase(TestCaseExecutor.java:298)
	at com.kms.katalon.core.main.TestCaseExecutor.accessMainPhase(TestCaseExecutor.java:290)
	at com.kms.katalon.core.main.TestCaseExecutor.execute(TestCaseExecutor.java:224)
	at com.kms.katalon.core.main.TestSuiteExecutor.accessTestCaseMainPhase(TestSuiteExecutor.java:129)
	at com.kms.katalon.core.main.TestSuiteExecutor.accessTestSuiteMainPhase(TestSuiteExecutor.java:112)
	at com.kms.katalon.core.main.TestSuiteExecutor.execute(TestSuiteExecutor.java:81)
	at com.kms.katalon.core.main.TestCaseMain.startTestSuite(TestCaseMain.java:149)
	at com.kms.katalon.core.main.TestCaseMain$startTestSuite$0.call(Unknown Source)
	at TempTestSuite1550506147558.run(TempTestSuite1550506147558.groovy:36)</stdout>
          <stderr>2019-02-18 16:09:10 - [TEST_CASE][ERROR] - Test Cases/Variaveis: Test Cases/Variaveis FAILED.
Reason:
org.codehaus.groovy.control.MultipleCompilationErrorsException: startup failed:
file:/var/jenkins_home/workspace/Teste_Automatizado/Hemovida/Scripts/Variaveis/Script1550234869015.groovy: 42: you tried to assign a value to the class &apos;java.lang.String&apos;
 @ line 42, column 1.
   String = selenium.getEval(&apos;\&apos;TESTE - SANGUE TOTAL \&apos; + (new Date()).getTime()&apos;)
   ^

1 error

	at com.kms.katalon.core.main.ScriptEngine.getScript(ScriptEngine.java:199)
	at com.kms.katalon.core.main.ScriptEngine.run(ScriptEngine.java:194)
	at com.kms.katalon.core.main.ScriptEngine.runScriptAsRawText(ScriptEngine.java:119)
	at com.kms.katalon.core.main.TestCaseExecutor.runScript(TestCaseExecutor.java:328)
	at com.kms.katalon.core.main.TestCaseExecutor.doExecute(TestCaseExecutor.java:319)
	at com.kms.katalon.core.main.TestCaseExecutor.processExecutionPhase(TestCaseExecutor.java:298)
	at com.kms.katalon.core.main.TestCaseExecutor.accessMainPhase(TestCaseExecutor.java:290)
	at com.kms.katalon.core.main.TestCaseExecutor.execute(TestCaseExecutor.java:224)
	at com.kms.katalon.core.main.TestSuiteExecutor.accessTestCaseMainPhase(TestSuiteExecutor.java:129)
	at com.kms.katalon.core.main.TestSuiteExecutor.accessTestSuiteMainPhase(TestSuiteExecutor.java:112)
	at com.kms.katalon.core.main.TestSuiteExecutor.execute(TestSuiteExecutor.java:81)
	at com.kms.katalon.core.main.TestCaseMain.startTestSuite(TestCaseMain.java:149)
	at com.kms.katalon.core.main.TestCaseMain$startTestSuite$0.call(Unknown Source)
	at TempTestSuite1550506147558.run(TempTestSuite1550506147558.groovy:36)</stderr>
          <failedSince>39</failedSince>
        </case>
        <case>
          <duration>0.0</duration>
          <className>Test Cases/Login</className>
          <testName>Test Cases/Login</testName>
          <skipped>false</skipped>
          <errorStackTrace></errorStackTrace>
          <errorDetails>Test Cases/Login FAILED. Reason: java.awt.AWTError: Can&apos;t connect to X11 window server using &apos;:0&apos; as the value of the DISPLAY variable.  at org.sikuli.api.robot.desktop.AWTDesktop.&lt;clinit&gt;(AWTDesktop.java:26)  at org.sikuli.api.robot.desktop.DesktopScreen.getSize(DesktopScreen.java:43)  at org.sikuli.api.AbstractScreenRegion.&lt;init&gt;(AbstractScreenRegion.java:19)  at org.sikuli.api.DefaultScreenRegion.&lt;init&gt;(DefaultScreenRegion.java:37)  at org.sikuli.api.DesktopScreenRegion.&lt;init&gt;(DesktopScreenRegion.java:11)  at com.kms.katalon.core.webui.common.ScreenUtil.&lt;init&gt;(ScreenUtil.java:26)  at com.kms.katalon.core.webui.keyword.internal.WebUIAbstractKeyword.&lt;clinit&gt;(WebUIAbstractKeyword.groovy:20)  at com.kms.katalon.core.keyword.internal.KeywordExecutor.getActions(KeywordExecutor.groovy:130)  at com.kms.katalon.core.keyword.internal.KeywordExecutor.executeKeywordForPlatform(KeywordExecutor.groovy:49)  at com.kms.katalon.core.webui.keyword.WebUiBuiltInKeywords.openBrowser(WebUiBuiltInKeywords.groovy:60)  at com.kms.katalon.core.webui.keyword.WebUiBuiltInKeywords$openBrowser.call(Unknown Source)  at Login.run(Login:30)  at com.kms.katalon.core.main.ScriptEngine.run(ScriptEngine.java:194)  at com.kms.katalon.core.main.ScriptEngine.runScriptAsRawText(ScriptEngine.java:119)  at com.kms.katalon.core.main.TestCaseExecutor.runScript(TestCaseExecutor.java:328)  at com.kms.katalon.core.main.TestCaseExecutor.doExecute(TestCaseExecutor.java:319)  at com.kms.katalon.core.main.TestCaseExecutor.processExecutionPhase(TestCaseExecutor.java:298)  at com.kms.katalon.core.main.TestCaseExecutor.accessMainPhase(TestCaseExecutor.java:290)  at com.kms.katalon.core.main.TestCaseExecutor.execute(TestCaseExecutor.java:224)  at com.kms.katalon.core.main.TestSuiteExecutor.accessTestCaseMainPhase(TestSuiteExecutor.java:129)  at com.kms.katalon.core.main.TestSuiteExecutor.accessTestSuiteMainPhase(TestSuiteExecutor.java:112)  at com.kms.katalon.core.main.TestSuiteExecutor.execute(TestSuiteExecutor.java:81)  at com.kms.katalon.core.main.TestCaseMain.startTestSuite(TestCaseMain.java:149)  at com.kms.katalon.core.main.TestCaseMain$startTestSuite$0.call(Unknown Source)  at TempTestSuite1550506147558.run(TempTestSuite1550506147558.groovy:36) </errorDetails>
          <stdout>2019-02-18 16:09:11 - [TEST_CASE][ERROR] - Test Cases/Login: Test Cases/Login FAILED.
Reason:
java.awt.AWTError: Can&apos;t connect to X11 window server using &apos;:0&apos; as the value of the DISPLAY variable.
	at org.sikuli.api.robot.desktop.AWTDesktop.&lt;clinit&gt;(AWTDesktop.java:26)
	at org.sikuli.api.robot.desktop.DesktopScreen.getSize(DesktopScreen.java:43)
	at org.sikuli.api.AbstractScreenRegion.&lt;init&gt;(AbstractScreenRegion.java:19)
	at org.sikuli.api.DefaultScreenRegion.&lt;init&gt;(DefaultScreenRegion.java:37)
	at org.sikuli.api.DesktopScreenRegion.&lt;init&gt;(DesktopScreenRegion.java:11)
	at com.kms.katalon.core.webui.common.ScreenUtil.&lt;init&gt;(ScreenUtil.java:26)
	at com.kms.katalon.core.webui.keyword.internal.WebUIAbstractKeyword.&lt;clinit&gt;(WebUIAbstractKeyword.groovy:20)
	at com.kms.katalon.core.keyword.internal.KeywordExecutor.getActions(KeywordExecutor.groovy:130)
	at com.kms.katalon.core.keyword.internal.KeywordExecutor.executeKeywordForPlatform(KeywordExecutor.groovy:49)
	at com.kms.katalon.core.webui.keyword.WebUiBuiltInKeywords.openBrowser(WebUiBuiltInKeywords.groovy:60)
	at com.kms.katalon.core.webui.keyword.WebUiBuiltInKeywords$openBrowser.call(Unknown Source)
	at Login.run(Login:30)
	at com.kms.katalon.core.main.ScriptEngine.run(ScriptEngine.java:194)
	at com.kms.katalon.core.main.ScriptEngine.runScriptAsRawText(ScriptEngine.java:119)
	at com.kms.katalon.core.main.TestCaseExecutor.runScript(TestCaseExecutor.java:328)
	at com.kms.katalon.core.main.TestCaseExecutor.doExecute(TestCaseExecutor.java:319)
	at com.kms.katalon.core.main.TestCaseExecutor.processExecutionPhase(TestCaseExecutor.java:298)
	at com.kms.katalon.core.main.TestCaseExecutor.accessMainPhase(TestCaseExecutor.java:290)
	at com.kms.katalon.core.main.TestCaseExecutor.execute(TestCaseExecutor.java:224)
	at com.kms.katalon.core.main.TestSuiteExecutor.accessTestCaseMainPhase(TestSuiteExecutor.java:129)
	at com.kms.katalon.core.main.TestSuiteExecutor.accessTestSuiteMainPhase(TestSuiteExecutor.java:112)
	at com.kms.katalon.core.main.TestSuiteExecutor.execute(TestSuiteExecutor.java:81)
	at com.kms.katalon.core.main.TestCaseMain.startTestSuite(TestCaseMain.java:149)
	at com.kms.katalon.core.main.TestCaseMain$startTestSuite$0.call(Unknown Source)
	at TempTestSuite1550506147558.run(TempTestSuite1550506147558.groovy:36)


2019-02-18 16:09:11 - [TEST_STEP][ERROR] - openBrowser(&quot;&quot;): openBrowser(&quot;&quot;) FAILED.
Reason:
java.awt.AWTError: Can&apos;t connect to X11 window server using &apos;:0&apos; as the value of the DISPLAY variable.
	at org.sikuli.api.robot.desktop.AWTDesktop.&lt;clinit&gt;(AWTDesktop.java:26)
	at org.sikuli.api.robot.desktop.DesktopScreen.getSize(DesktopScreen.java:43)
	at org.sikuli.api.AbstractScreenRegion.&lt;init&gt;(AbstractScreenRegion.java:19)
	at org.sikuli.api.DefaultScreenRegion.&lt;init&gt;(DefaultScreenRegion.java:37)
	at org.sikuli.api.DesktopScreenRegion.&lt;init&gt;(DesktopScreenRegion.java:11)
	at com.kms.katalon.core.webui.common.ScreenUtil.&lt;init&gt;(ScreenUtil.java:26)
	at com.kms.katalon.core.webui.keyword.internal.WebUIAbstractKeyword.&lt;clinit&gt;(WebUIAbstractKeyword.groovy:20)
	at com.kms.katalon.core.keyword.internal.KeywordExecutor.getActions(KeywordExecutor.groovy:130)
	at com.kms.katalon.core.keyword.internal.KeywordExecutor.executeKeywordForPlatform(KeywordExecutor.groovy:49)
	at com.kms.katalon.core.webui.keyword.WebUiBuiltInKeywords.openBrowser(WebUiBuiltInKeywords.groovy:60)
	at com.kms.katalon.core.webui.keyword.WebUiBuiltInKeywords$openBrowser.call(Unknown Source)
	at Login.run(Login:30)
	at com.kms.katalon.core.main.ScriptEngine.run(ScriptEngine.java:194)
	at com.kms.katalon.core.main.ScriptEngine.runScriptAsRawText(ScriptEngine.java:119)
	at com.kms.katalon.core.main.TestCaseExecutor.runScript(TestCaseExecutor.java:328)
	at com.kms.katalon.core.main.TestCaseExecutor.doExecute(TestCaseExecutor.java:319)
	at com.kms.katalon.core.main.TestCaseExecutor.processExecutionPhase(TestCaseExecutor.java:298)
	at com.kms.katalon.core.main.TestCaseExecutor.accessMainPhase(TestCaseExecutor.java:290)
	at com.kms.katalon.core.main.TestCaseExecutor.execute(TestCaseExecutor.java:224)
	at com.kms.katalon.core.main.TestSuiteExecutor.accessTestCaseMainPhase(TestSuiteExecutor.java:129)
	at com.kms.katalon.core.main.TestSuiteExecutor.accessTestSuiteMainPhase(TestSuiteExecutor.java:112)
	at com.kms.katalon.core.main.TestSuiteExecutor.execute(TestSuiteExecutor.java:81)
	at com.kms.katalon.core.main.TestCaseMain.startTestSuite(TestCaseMain.java:149)
	at com.kms.katalon.core.main.TestCaseMain$startTestSuite$0.call(Unknown Source)
	at TempTestSuite1550506147558.run(TempTestSuite1550506147558.groovy:36)


2019-02-18 16:09:11 - [MESSAGE][ERROR] - openBrowser(&quot;&quot;) FAILED.
Reason:
java.awt.AWTError: Can&apos;t connect to X11 window server using &apos;:0&apos; as the value of the DISPLAY variable.
	at org.sikuli.api.robot.desktop.AWTDesktop.&lt;clinit&gt;(AWTDesktop.java:26)
	at org.sikuli.api.robot.desktop.DesktopScreen.getSize(DesktopScreen.java:43)
	at org.sikuli.api.AbstractScreenRegion.&lt;init&gt;(AbstractScreenRegion.java:19)
	at org.sikuli.api.DefaultScreenRegion.&lt;init&gt;(DefaultScreenRegion.java:37)
	at org.sikuli.api.DesktopScreenRegion.&lt;init&gt;(DesktopScreenRegion.java:11)
	at com.kms.katalon.core.webui.common.ScreenUtil.&lt;init&gt;(ScreenUtil.java:26)
	at com.kms.katalon.core.webui.keyword.internal.WebUIAbstractKeyword.&lt;clinit&gt;(WebUIAbstractKeyword.groovy:20)
	at com.kms.katalon.core.keyword.internal.KeywordExecutor.getActions(KeywordExecutor.groovy:130)
	at com.kms.katalon.core.keyword.internal.KeywordExecutor.executeKeywordForPlatform(KeywordExecutor.groovy:49)
	at com.kms.katalon.core.webui.keyword.WebUiBuiltInKeywords.openBrowser(WebUiBuiltInKeywords.groovy:60)
	at com.kms.katalon.core.webui.keyword.WebUiBuiltInKeywords$openBrowser.call(Unknown Source)
	at Login.run(Login:30)
	at com.kms.katalon.core.main.ScriptEngine.run(ScriptEngine.java:194)
	at com.kms.katalon.core.main.ScriptEngine.runScriptAsRawText(ScriptEngine.java:119)
	at com.kms.katalon.core.main.TestCaseExecutor.runScript(TestCaseExecutor.java:328)
	at com.kms.katalon.core.main.TestCaseExecutor.doExecute(TestCaseExecutor.java:319)
	at com.kms.katalon.core.main.TestCaseExecutor.processExecutionPhase(TestCaseExecutor.java:298)
	at com.kms.katalon.core.main.TestCaseExecutor.accessMainPhase(TestCaseExecutor.java:290)
	at com.kms.katalon.core.main.TestCaseExecutor.execute(TestCaseExecutor.java:224)
	at com.kms.katalon.core.main.TestSuiteExecutor.accessTestCaseMainPhase(TestSuiteExecutor.java:129)
	at com.kms.katalon.core.main.TestSuiteExecutor.accessTestSuiteMainPhase(TestSuiteExecutor.java:112)
	at com.kms.katalon.core.main.TestSuiteExecutor.execute(TestSuiteExecutor.java:81)
	at com.kms.katalon.core.main.TestCaseMain.startTestSuite(TestCaseMain.java:149)
	at com.kms.katalon.core.main.TestCaseMain$startTestSuite$0.call(Unknown Source)
	at TempTestSuite1550506147558.run(TempTestSuite1550506147558.groovy:36)</stdout>
          <stderr>2019-02-18 16:09:11 - [TEST_CASE][ERROR] - Test Cases/Login: Test Cases/Login FAILED.
Reason:
java.awt.AWTError: Can&apos;t connect to X11 window server using &apos;:0&apos; as the value of the DISPLAY variable.
	at org.sikuli.api.robot.desktop.AWTDesktop.&lt;clinit&gt;(AWTDesktop.java:26)
	at org.sikuli.api.robot.desktop.DesktopScreen.getSize(DesktopScreen.java:43)
	at org.sikuli.api.AbstractScreenRegion.&lt;init&gt;(AbstractScreenRegion.java:19)
	at org.sikuli.api.DefaultScreenRegion.&lt;init&gt;(DefaultScreenRegion.java:37)
	at org.sikuli.api.DesktopScreenRegion.&lt;init&gt;(DesktopScreenRegion.java:11)
	at com.kms.katalon.core.webui.common.ScreenUtil.&lt;init&gt;(ScreenUtil.java:26)
	at com.kms.katalon.core.webui.keyword.internal.WebUIAbstractKeyword.&lt;clinit&gt;(WebUIAbstractKeyword.groovy:20)
	at com.kms.katalon.core.keyword.internal.KeywordExecutor.getActions(KeywordExecutor.groovy:130)
	at com.kms.katalon.core.keyword.internal.KeywordExecutor.executeKeywordForPlatform(KeywordExecutor.groovy:49)
	at com.kms.katalon.core.webui.keyword.WebUiBuiltInKeywords.openBrowser(WebUiBuiltInKeywords.groovy:60)
	at com.kms.katalon.core.webui.keyword.WebUiBuiltInKeywords$openBrowser.call(Unknown Source)
	at Login.run(Login:30)
	at com.kms.katalon.core.main.ScriptEngine.run(ScriptEngine.java:194)
	at com.kms.katalon.core.main.ScriptEngine.runScriptAsRawText(ScriptEngine.java:119)
	at com.kms.katalon.core.main.TestCaseExecutor.runScript(TestCaseExecutor.java:328)
	at com.kms.katalon.core.main.TestCaseExecutor.doExecute(TestCaseExecutor.java:319)
	at com.kms.katalon.core.main.TestCaseExecutor.processExecutionPhase(TestCaseExecutor.java:298)
	at com.kms.katalon.core.main.TestCaseExecutor.accessMainPhase(TestCaseExecutor.java:290)
	at com.kms.katalon.core.main.TestCaseExecutor.execute(TestCaseExecutor.java:224)
	at com.kms.katalon.core.main.TestSuiteExecutor.accessTestCaseMainPhase(TestSuiteExecutor.java:129)
	at com.kms.katalon.core.main.TestSuiteExecutor.accessTestSuiteMainPhase(TestSuiteExecutor.java:112)
	at com.kms.katalon.core.main.TestSuiteExecutor.execute(TestSuiteExecutor.java:81)
	at com.kms.katalon.core.main.TestCaseMain.startTestSuite(TestCaseMain.java:149)
	at com.kms.katalon.core.main.TestCaseMain$startTestSuite$0.call(Unknown Source)
	at TempTestSuite1550506147558.run(TempTestSuite1550506147558.groovy:36)</stderr>
          <failedSince>39</failedSince>
        </case>
        <case>
          <duration>0.0</duration>
          <className>Test Cases/Registro</className>
          <testName>Test Cases/Registro</testName>
          <skipped>false</skipped>
          <errorStackTrace></errorStackTrace>
          <errorDetails>Test Cases/Registro FAILED. Reason: com.kms.katalon.core.webui.exception.BrowserNotOpenedException: Browser is not opened Build info: version: &apos;3.7.1&apos;, revision: &apos;8a0099a&apos;, time: &apos;2017-11-06T21:07:36.161Z&apos; System info: host: &apos;a813f13ffbac&apos;, ip: &apos;172.19.0.2&apos;, os.name: &apos;Linux&apos;, os.arch: &apos;amd64&apos;, os.version: &apos;4.9.125-linuxkit&apos;, java.version: &apos;1.8.0_181&apos; Driver info: driver.version: DriverFactory$getWebDriver  at com.kms.katalon.core.webui.driver.DriverFactory.verifyWebDriverIsOpen(DriverFactory.java:599)  at com.kms.katalon.core.webui.driver.DriverFactory.verifyWebDriver(DriverFactory.java:584)  at com.kms.katalon.core.webui.driver.DriverFactory.getWebDriver(DriverFactory.java:570)  at com.kms.katalon.core.webui.driver.DriverFactory$getWebDriver.call(Unknown Source)  at Registro.run(Registro:30)  at com.kms.katalon.core.main.ScriptEngine.run(ScriptEngine.java:194)  at com.kms.katalon.core.main.ScriptEngine.runScriptAsRawText(ScriptEngine.java:119)  at com.kms.katalon.core.main.TestCaseExecutor.runScript(TestCaseExecutor.java:328)  at com.kms.katalon.core.main.TestCaseExecutor.doExecute(TestCaseExecutor.java:319)  at com.kms.katalon.core.main.TestCaseExecutor.processExecutionPhase(TestCaseExecutor.java:298)  at com.kms.katalon.core.main.TestCaseExecutor.accessMainPhase(TestCaseExecutor.java:290)  at com.kms.katalon.core.main.TestCaseExecutor.execute(TestCaseExecutor.java:224)  at com.kms.katalon.core.main.TestSuiteExecutor.accessTestCaseMainPhase(TestSuiteExecutor.java:129)  at com.kms.katalon.core.main.TestSuiteExecutor.accessTestSuiteMainPhase(TestSuiteExecutor.java:112)  at com.kms.katalon.core.main.TestSuiteExecutor.execute(TestSuiteExecutor.java:81)  at com.kms.katalon.core.main.TestCaseMain.startTestSuite(TestCaseMain.java:149)  at com.kms.katalon.core.main.TestCaseMain$startTestSuite$0.call(Unknown Source)  at TempTestSuite1550506147558.run(TempTestSuite1550506147558.groovy:36) </errorDetails>
          <stdout>2019-02-18 16:09:11 - [TEST_CASE][ERROR] - Test Cases/Registro: Test Cases/Registro FAILED.
Reason:
com.kms.katalon.core.webui.exception.BrowserNotOpenedException: Browser is not opened
Build info: version: &apos;3.7.1&apos;, revision: &apos;8a0099a&apos;, time: &apos;2017-11-06T21:07:36.161Z&apos;
System info: host: &apos;a813f13ffbac&apos;, ip: &apos;172.19.0.2&apos;, os.name: &apos;Linux&apos;, os.arch: &apos;amd64&apos;, os.version: &apos;4.9.125-linuxkit&apos;, java.version: &apos;1.8.0_181&apos;
Driver info: driver.version: DriverFactory$getWebDriver
	at com.kms.katalon.core.webui.driver.DriverFactory.verifyWebDriverIsOpen(DriverFactory.java:599)
	at com.kms.katalon.core.webui.driver.DriverFactory.verifyWebDriver(DriverFactory.java:584)
	at com.kms.katalon.core.webui.driver.DriverFactory.getWebDriver(DriverFactory.java:570)
	at com.kms.katalon.core.webui.driver.DriverFactory$getWebDriver.call(Unknown Source)
	at Registro.run(Registro:30)
	at com.kms.katalon.core.main.ScriptEngine.run(ScriptEngine.java:194)
	at com.kms.katalon.core.main.ScriptEngine.runScriptAsRawText(ScriptEngine.java:119)
	at com.kms.katalon.core.main.TestCaseExecutor.runScript(TestCaseExecutor.java:328)
	at com.kms.katalon.core.main.TestCaseExecutor.doExecute(TestCaseExecutor.java:319)
	at com.kms.katalon.core.main.TestCaseExecutor.processExecutionPhase(TestCaseExecutor.java:298)
	at com.kms.katalon.core.main.TestCaseExecutor.accessMainPhase(TestCaseExecutor.java:290)
	at com.kms.katalon.core.main.TestCaseExecutor.execute(TestCaseExecutor.java:224)
	at com.kms.katalon.core.main.TestSuiteExecutor.accessTestCaseMainPhase(TestSuiteExecutor.java:129)
	at com.kms.katalon.core.main.TestSuiteExecutor.accessTestSuiteMainPhase(TestSuiteExecutor.java:112)
	at com.kms.katalon.core.main.TestSuiteExecutor.execute(TestSuiteExecutor.java:81)
	at com.kms.katalon.core.main.TestCaseMain.startTestSuite(TestCaseMain.java:149)
	at com.kms.katalon.core.main.TestCaseMain$startTestSuite$0.call(Unknown Source)
	at TempTestSuite1550506147558.run(TempTestSuite1550506147558.groovy:36)


2019-02-18 16:09:12 - [TEST_STEP][ERROR] - driver = getWebDriver(): driver = getWebDriver() FAILED.
Reason:
com.kms.katalon.core.webui.exception.BrowserNotOpenedException: Browser is not opened
Build info: version: &apos;3.7.1&apos;, revision: &apos;8a0099a&apos;, time: &apos;2017-11-06T21:07:36.161Z&apos;
System info: host: &apos;a813f13ffbac&apos;, ip: &apos;172.19.0.2&apos;, os.name: &apos;Linux&apos;, os.arch: &apos;amd64&apos;, os.version: &apos;4.9.125-linuxkit&apos;, java.version: &apos;1.8.0_181&apos;
Driver info: driver.version: DriverFactory$getWebDriver
	at com.kms.katalon.core.webui.driver.DriverFactory.verifyWebDriverIsOpen(DriverFactory.java:599)
	at com.kms.katalon.core.webui.driver.DriverFactory.verifyWebDriver(DriverFactory.java:584)
	at com.kms.katalon.core.webui.driver.DriverFactory.getWebDriver(DriverFactory.java:570)
	at com.kms.katalon.core.webui.driver.DriverFactory$getWebDriver.call(Unknown Source)
	at Registro.run(Registro:30)
	at com.kms.katalon.core.main.ScriptEngine.run(ScriptEngine.java:194)
	at com.kms.katalon.core.main.ScriptEngine.runScriptAsRawText(ScriptEngine.java:119)
	at com.kms.katalon.core.main.TestCaseExecutor.runScript(TestCaseExecutor.java:328)
	at com.kms.katalon.core.main.TestCaseExecutor.doExecute(TestCaseExecutor.java:319)
	at com.kms.katalon.core.main.TestCaseExecutor.processExecutionPhase(TestCaseExecutor.java:298)
	at com.kms.katalon.core.main.TestCaseExecutor.accessMainPhase(TestCaseExecutor.java:290)
	at com.kms.katalon.core.main.TestCaseExecutor.execute(TestCaseExecutor.java:224)
	at com.kms.katalon.core.main.TestSuiteExecutor.accessTestCaseMainPhase(TestSuiteExecutor.java:129)
	at com.kms.katalon.core.main.TestSuiteExecutor.accessTestSuiteMainPhase(TestSuiteExecutor.java:112)
	at com.kms.katalon.core.main.TestSuiteExecutor.execute(TestSuiteExecutor.java:81)
	at com.kms.katalon.core.main.TestCaseMain.startTestSuite(TestCaseMain.java:149)
	at com.kms.katalon.core.main.TestCaseMain$startTestSuite$0.call(Unknown Source)
	at TempTestSuite1550506147558.run(TempTestSuite1550506147558.groovy:36)


2019-02-18 16:09:12 - [MESSAGE][ERROR] - driver = getWebDriver() FAILED.
Reason:
com.kms.katalon.core.webui.exception.BrowserNotOpenedException: Browser is not opened
Build info: version: &apos;3.7.1&apos;, revision: &apos;8a0099a&apos;, time: &apos;2017-11-06T21:07:36.161Z&apos;
System info: host: &apos;a813f13ffbac&apos;, ip: &apos;172.19.0.2&apos;, os.name: &apos;Linux&apos;, os.arch: &apos;amd64&apos;, os.version: &apos;4.9.125-linuxkit&apos;, java.version: &apos;1.8.0_181&apos;
Driver info: driver.version: DriverFactory$getWebDriver
	at com.kms.katalon.core.webui.driver.DriverFactory.verifyWebDriverIsOpen(DriverFactory.java:599)
	at com.kms.katalon.core.webui.driver.DriverFactory.verifyWebDriver(DriverFactory.java:584)
	at com.kms.katalon.core.webui.driver.DriverFactory.getWebDriver(DriverFactory.java:570)
	at com.kms.katalon.core.webui.driver.DriverFactory$getWebDriver.call(Unknown Source)
	at Registro.run(Registro:30)
	at com.kms.katalon.core.main.ScriptEngine.run(ScriptEngine.java:194)
	at com.kms.katalon.core.main.ScriptEngine.runScriptAsRawText(ScriptEngine.java:119)
	at com.kms.katalon.core.main.TestCaseExecutor.runScript(TestCaseExecutor.java:328)
	at com.kms.katalon.core.main.TestCaseExecutor.doExecute(TestCaseExecutor.java:319)
	at com.kms.katalon.core.main.TestCaseExecutor.processExecutionPhase(TestCaseExecutor.java:298)
	at com.kms.katalon.core.main.TestCaseExecutor.accessMainPhase(TestCaseExecutor.java:290)
	at com.kms.katalon.core.main.TestCaseExecutor.execute(TestCaseExecutor.java:224)
	at com.kms.katalon.core.main.TestSuiteExecutor.accessTestCaseMainPhase(TestSuiteExecutor.java:129)
	at com.kms.katalon.core.main.TestSuiteExecutor.accessTestSuiteMainPhase(TestSuiteExecutor.java:112)
	at com.kms.katalon.core.main.TestSuiteExecutor.execute(TestSuiteExecutor.java:81)
	at com.kms.katalon.core.main.TestCaseMain.startTestSuite(TestCaseMain.java:149)
	at com.kms.katalon.core.main.TestCaseMain$startTestSuite$0.call(Unknown Source)
	at TempTestSuite1550506147558.run(TempTestSuite1550506147558.groovy:36)</stdout>
          <stderr>2019-02-18 16:09:11 - [TEST_CASE][ERROR] - Test Cases/Registro: Test Cases/Registro FAILED.
Reason:
com.kms.katalon.core.webui.exception.BrowserNotOpenedException: Browser is not opened
Build info: version: &apos;3.7.1&apos;, revision: &apos;8a0099a&apos;, time: &apos;2017-11-06T21:07:36.161Z&apos;
System info: host: &apos;a813f13ffbac&apos;, ip: &apos;172.19.0.2&apos;, os.name: &apos;Linux&apos;, os.arch: &apos;amd64&apos;, os.version: &apos;4.9.125-linuxkit&apos;, java.version: &apos;1.8.0_181&apos;
Driver info: driver.version: DriverFactory$getWebDriver
	at com.kms.katalon.core.webui.driver.DriverFactory.verifyWebDriverIsOpen(DriverFactory.java:599)
	at com.kms.katalon.core.webui.driver.DriverFactory.verifyWebDriver(DriverFactory.java:584)
	at com.kms.katalon.core.webui.driver.DriverFactory.getWebDriver(DriverFactory.java:570)
	at com.kms.katalon.core.webui.driver.DriverFactory$getWebDriver.call(Unknown Source)
	at Registro.run(Registro:30)
	at com.kms.katalon.core.main.ScriptEngine.run(ScriptEngine.java:194)
	at com.kms.katalon.core.main.ScriptEngine.runScriptAsRawText(ScriptEngine.java:119)
	at com.kms.katalon.core.main.TestCaseExecutor.runScript(TestCaseExecutor.java:328)
	at com.kms.katalon.core.main.TestCaseExecutor.doExecute(TestCaseExecutor.java:319)
	at com.kms.katalon.core.main.TestCaseExecutor.processExecutionPhase(TestCaseExecutor.java:298)
	at com.kms.katalon.core.main.TestCaseExecutor.accessMainPhase(TestCaseExecutor.java:290)
	at com.kms.katalon.core.main.TestCaseExecutor.execute(TestCaseExecutor.java:224)
	at com.kms.katalon.core.main.TestSuiteExecutor.accessTestCaseMainPhase(TestSuiteExecutor.java:129)
	at com.kms.katalon.core.main.TestSuiteExecutor.accessTestSuiteMainPhase(TestSuiteExecutor.java:112)
	at com.kms.katalon.core.main.TestSuiteExecutor.execute(TestSuiteExecutor.java:81)
	at com.kms.katalon.core.main.TestCaseMain.startTestSuite(TestCaseMain.java:149)
	at com.kms.katalon.core.main.TestCaseMain$startTestSuite$0.call(Unknown Source)
	at TempTestSuite1550506147558.run(TempTestSuite1550506147558.groovy:36)</stderr>
          <failedSince>39</failedSince>
        </case>
      </cases>
    </suite>
  </suites>
  <duration>2.0</duration>
  <keepLongStdio>false</keepLongStdio>
</result>