Started by user [8mha:////4FN88H8RrhTBzIF+lJAjMLBc7u8Svt/xokmPCiLj+FzmAAAAlx+LCAAAAAAAAP9b85aBtbiIQTGjNKU4P08vOT+vOD8nVc83PyU1x6OyILUoJzMv2y+/JJUBAhiZGBgqihhk0NSjKDWzXb3RdlLBUSYGJk8GtpzUvPSSDB8G5tKinBIGIZ+sxLJE/ZzEvHT94JKizLx0a6BxUmjGOUNodHsLgAzWEgZu/dLi1CL9xJTczDwAj6GcLcAAAAA=[0madmin
Building in workspace /var/jenkins_home/workspace/Teste_Automatizado
[Teste_Automatizado] $ /bin/sh -xe /tmp/jenkins6089540306347578084.sh
+ /var/jenkins_home/tools/katalon/katalon -Djava.awt.headless=true --args -runMode=console -projectPath=/var/jenkins_home/workspace/Teste_Automatizado/Hemovida/Hemovida.prj -reportFolder=/var/jenkins_home/workspace/Teste_Automatizado/Hemovida/Reports -reportFileName=/var/jenkins_home/workspace/Teste_Automatizado/Hemovida/report -retry=0 -testSuitePath=Test Suites/Hemovida -browserType=Chrome
Unable to init server: Could not connect: Connection refused
Unable to init server: Could not connect: Connection refused
Request sent successfully.
Delete folder: bin
Delete folder: Libs
Opening project file: /var/jenkins_home/workspace/Teste_Automatizado/Hemovida/Hemovida.prj
[EL Warning]: 2019-02-18 16:08:57.801--Ignoring attribute [lastRun] on class [TestSuiteEntity] as no Property was generated for it.
Starting Groovy-Eclipse compiler resolver.  Specified compiler level: unspecified
166 2.4.7.xx-201611170128-e46 = ACTIVE
Parsing custom keywords...
Generating global variables...
Project 'Hemovida' opened

--------------------------------------------------------------------------------
Test Suites/Hemovida - Chrome - 20190218_160907..........................0/3(0%)
--------------------------------------------------------------------------------

Request sent successfully.
2019-02-18 16:09:10.238 INFO  c.k.katalon.core.main.TestSuiteExecutor  - START Test Suites/Hemovida
2019-02-18 16:09:10.287 INFO  c.k.katalon.core.main.TestSuiteExecutor  - hostName = jenkins - a813f13ffbac
2019-02-18 16:09:10.288 INFO  c.k.katalon.core.main.TestSuiteExecutor  - os = Linux 64bit
2019-02-18 16:09:10.288 INFO  c.k.katalon.core.main.TestSuiteExecutor  - hostAddress = 172.19.0.2
2019-02-18 16:09:10.300 INFO  c.k.katalon.core.main.TestSuiteExecutor  - katalonVersion = 5.10.1.1
2019-02-18 16:09:10.532 INFO  c.k.katalon.core.main.TestCaseExecutor   - --------------------
2019-02-18 16:09:10.532 INFO  c.k.katalon.core.main.TestCaseExecutor   - START Test Cases/Variaveis
2019-02-18 16:09:10.645 INFO  c.k.katalon.core.main.TestCaseExecutor   - (Default) variable = 
2019-02-18 16:09:11.033 ERROR c.k.katalon.core.main.TestCaseExecutor   - ‚ùå Test Cases/Variaveis FAILED.
Reason:
org.codehaus.groovy.control.MultipleCompilationErrorsException: startup failed:
file:/var/jenkins_home/workspace/Teste_Automatizado/Hemovida/Scripts/Variaveis/Script1550234869015.groovy: 42: you tried to assign a value to the class 'java.lang.String'
 @ line 42, column 1.
   String = selenium.getEval('\'TESTE - SANGUE TOTAL \' + (new Date()).getTime()')
   ^

1 error

	at com.kms.katalon.core.main.ScriptEngine.getScript(ScriptEngine.java:199)
	at com.kms.katalon.core.main.ScriptEngine.run(ScriptEngine.java:194)
	at com.kms.katalon.core.main.ScriptEngine.runScriptAsRawText(ScriptEngine.java:119)
	at com.kms.katalon.core.main.TestCaseExecutor.runScript(TestCaseExecutor.java:328)
	at com.kms.katalon.core.main.TestCaseExecutor.doExecute(TestCaseExecutor.java:319)
	at com.kms.katalon.core.main.TestCaseExecutor.processExecutionPhase(TestCaseExecutor.java:298)
	at com.kms.katalon.core.main.TestCaseExecutor.accessMainPhase(TestCaseExecutor.java:290)
	at com.kms.katalon.core.main.TestCaseExecutor.execute(TestCaseExecutor.java:224)
	at com.kms.katalon.core.main.TestSuiteExecutor.accessTestCaseMainPhase(TestSuiteExecutor.java:129)
	at com.kms.katalon.core.main.TestSuiteExecutor.accessTestSuiteMainPhase(TestSuiteExecutor.java:112)
	at com.kms.katalon.core.main.TestSuiteExecutor.execute(TestSuiteExecutor.java:81)
	at com.kms.katalon.core.main.TestCaseMain.startTestSuite(TestCaseMain.java:149)
	at com.kms.katalon.core.main.TestCaseMain$startTestSuite$0.call(Unknown Source)
	at TempTestSuite1550506147558.run(TempTestSuite1550506147558.groovy:36)

2019-02-18 16:09:11.037 INFO  c.k.katalon.core.main.TestCaseExecutor   - END Test Cases/Variaveis
2019-02-18 16:09:11.056 INFO  c.k.katalon.core.main.TestCaseExecutor   - --------------------
2019-02-18 16:09:11.056 INFO  c.k.katalon.core.main.TestCaseExecutor   - START Test Cases/Login
2019-02-18 16:09:11.538 DEBUG testcase.Login                           - 1: openBrowser("")
2019-02-18 16:09:11.808 ERROR c.k.katalon.core.main.TestCaseExecutor   - ‚ùå openBrowser("") FAILED.
Reason:
java.awt.AWTError: Can't connect to X11 window server using ':0' as the value of the DISPLAY variable.
	at org.sikuli.api.robot.desktop.AWTDesktop.<clinit>(AWTDesktop.java:26)
	at org.sikuli.api.robot.desktop.DesktopScreen.getSize(DesktopScreen.java:43)
	at org.sikuli.api.AbstractScreenRegion.<init>(AbstractScreenRegion.java:19)
	at org.sikuli.api.DefaultScreenRegion.<init>(DefaultScreenRegion.java:37)
	at org.sikuli.api.DesktopScreenRegion.<init>(DesktopScreenRegion.java:11)
	at com.kms.katalon.core.webui.common.ScreenUtil.<init>(ScreenUtil.java:26)
	at com.kms.katalon.core.webui.keyword.internal.WebUIAbstractKeyword.<clinit>(WebUIAbstractKeyword.groovy:20)
	at com.kms.katalon.core.keyword.internal.KeywordExecutor.getActions(KeywordExecutor.groovy:130)
	at com.kms.katalon.core.keyword.internal.KeywordExecutor.executeKeywordForPlatform(KeywordExecutor.groovy:49)
	at com.kms.katalon.core.webui.keyword.WebUiBuiltInKeywords.openBrowser(WebUiBuiltInKeywords.groovy:60)
	at com.kms.katalon.core.webui.keyword.WebUiBuiltInKeywords$openBrowser.call(Unknown Source)
	at Login.run(Login:30)
	at com.kms.katalon.core.main.ScriptEngine.run(ScriptEngine.java:194)
	at com.kms.katalon.core.main.ScriptEngine.runScriptAsRawText(ScriptEngine.java:119)
	at com.kms.katalon.core.main.TestCaseExecutor.runScript(TestCaseExecutor.java:328)
	at com.kms.katalon.core.main.TestCaseExecutor.doExecute(TestCaseExecutor.java:319)
	at com.kms.katalon.core.main.TestCaseExecutor.processExecutionPhase(TestCaseExecutor.java:298)
	at com.kms.katalon.core.main.TestCaseExecutor.accessMainPhase(TestCaseExecutor.java:290)
	at com.kms.katalon.core.main.TestCaseExecutor.execute(TestCaseExecutor.java:224)
	at com.kms.katalon.core.main.TestSuiteExecutor.accessTestCaseMainPhase(TestSuiteExecutor.java:129)
	at com.kms.katalon.core.main.TestSuiteExecutor.accessTestSuiteMainPhase(TestSuiteExecutor.java:112)
	at com.kms.katalon.core.main.TestSuiteExecutor.execute(TestSuiteExecutor.java:81)
	at com.kms.katalon.core.main.TestCaseMain.startTestSuite(TestCaseMain.java:149)
	at com.kms.katalon.core.main.TestCaseMain$startTestSuite$0.call(Unknown Source)
	at TempTestSuite1550506147558.run(TempTestSuite1550506147558.groovy:36)

2019-02-18 16:09:11.809 ERROR c.k.katalon.core.main.TestCaseExecutor   - ‚ùå Test Cases/Login FAILED.
Reason:
java.awt.AWTError: Can't connect to X11 window server using ':0' as the value of the DISPLAY variable.
	at org.sikuli.api.robot.desktop.AWTDesktop.<clinit>(AWTDesktop.java:26)
	at org.sikuli.api.robot.desktop.DesktopScreen.getSize(DesktopScreen.java:43)
	at org.sikuli.api.AbstractScreenRegion.<init>(AbstractScreenRegion.java:19)
	at org.sikuli.api.DefaultScreenRegion.<init>(DefaultScreenRegion.java:37)
	at org.sikuli.api.DesktopScreenRegion.<init>(DesktopScreenRegion.java:11)
	at com.kms.katalon.core.webui.common.ScreenUtil.<init>(ScreenUtil.java:26)
	at com.kms.katalon.core.webui.keyword.internal.WebUIAbstractKeyword.<clinit>(WebUIAbstractKeyword.groovy:20)
	at com.kms.katalon.core.keyword.internal.KeywordExecutor.getActions(KeywordExecutor.groovy:130)
	at com.kms.katalon.core.keyword.internal.KeywordExecutor.executeKeywordForPlatform(KeywordExecutor.groovy:49)
	at com.kms.katalon.core.webui.keyword.WebUiBuiltInKeywords.openBrowser(WebUiBuiltInKeywords.groovy:60)
	at com.kms.katalon.core.webui.keyword.WebUiBuiltInKeywords$openBrowser.call(Unknown Source)
	at Login.run(Login:30)
	at com.kms.katalon.core.main.ScriptEngine.run(ScriptEngine.java:194)
	at com.kms.katalon.core.main.ScriptEngine.runScriptAsRawText(ScriptEngine.java:119)
	at com.kms.katalon.core.main.TestCaseExecutor.runScript(TestCaseExecutor.java:328)
	at com.kms.katalon.core.main.TestCaseExecutor.doExecute(TestCaseExecutor.java:319)
	at com.kms.katalon.core.main.TestCaseExecutor.processExecutionPhase(TestCaseExecutor.java:298)
	at com.kms.katalon.core.main.TestCaseExecutor.accessMainPhase(TestCaseExecutor.java:290)
	at com.kms.katalon.core.main.TestCaseExecutor.execute(TestCaseExecutor.java:224)
	at com.kms.katalon.core.main.TestSuiteExecutor.accessTestCaseMainPhase(TestSuiteExecutor.java:129)
	at com.kms.katalon.core.main.TestSuiteExecutor.accessTestSuiteMainPhase(TestSuiteExecutor.java:112)
	at com.kms.katalon.core.main.TestSuiteExecutor.execute(TestSuiteExecutor.java:81)
	at com.kms.katalon.core.main.TestCaseMain.startTestSuite(TestCaseMain.java:149)
	at com.kms.katalon.core.main.TestCaseMain$startTestSuite$0.call(Unknown Source)
	at TempTestSuite1550506147558.run(TempTestSuite1550506147558.groovy:36)

2019-02-18 16:09:11.835 INFO  c.k.katalon.core.main.TestCaseExecutor   - END Test Cases/Login
2019-02-18 16:09:11.846 INFO  c.k.katalon.core.main.TestCaseExecutor   - --------------------
2019-02-18 16:09:11.846 INFO  c.k.katalon.core.main.TestCaseExecutor   - START Test Cases/Registro
2019-02-18 16:09:12.293 DEBUG testcase.Registro                        - 1: driver = getWebDriver()
2019-02-18 16:09:12.377 ERROR c.k.katalon.core.main.TestCaseExecutor   - ‚ùå driver = getWebDriver() FAILED.
Reason:
com.kms.katalon.core.webui.exception.BrowserNotOpenedException: Browser is not opened
Build info: version: '3.7.1', revision: '8a0099a', time: '2017-11-06T21:07:36.161Z'
System info: host: 'a813f13ffbac', ip: '172.19.0.2', os.name: 'Linux', os.arch: 'amd64', os.version: '4.9.125-linuxkit', java.version: '1.8.0_181'
Driver info: driver.version: DriverFactory$getWebDriver
	at com.kms.katalon.core.webui.driver.DriverFactory.verifyWebDriverIsOpen(DriverFactory.java:599)
	at com.kms.katalon.core.webui.driver.DriverFactory.verifyWebDriver(DriverFactory.java:584)
	at com.kms.katalon.core.webui.driver.DriverFactory.getWebDriver(DriverFactory.java:570)
	at com.kms.katalon.core.webui.driver.DriverFactory$getWebDriver.call(Unknown Source)
	at Registro.run(Registro:30)
	at com.kms.katalon.core.main.ScriptEngine.run(ScriptEngine.java:194)
	at com.kms.katalon.core.main.ScriptEngine.runScriptAsRawText(ScriptEngine.java:119)
	at com.kms.katalon.core.main.TestCaseExecutor.runScript(TestCaseExecutor.java:328)
	at com.kms.katalon.core.main.TestCaseExecutor.doExecute(TestCaseExecutor.java:319)
	at com.kms.katalon.core.main.TestCaseExecutor.processExecutionPhase(TestCaseExecutor.java:298)
	at com.kms.katalon.core.main.TestCaseExecutor.accessMainPhase(TestCaseExecutor.java:290)
	at com.kms.katalon.core.main.TestCaseExecutor.execute(TestCaseExecutor.java:224)
	at com.kms.katalon.core.main.TestSuiteExecutor.accessTestCaseMainPhase(TestSuiteExecutor.java:129)
	at com.kms.katalon.core.main.TestSuiteExecutor.accessTestSuiteMainPhase(TestSuiteExecutor.java:112)
	at com.kms.katalon.core.main.TestSuiteExecutor.execute(TestSuiteExecutor.java:81)
	at com.kms.katalon.core.main.TestCaseMain.startTestSuite(TestCaseMain.java:149)
	at com.kms.katalon.core.main.TestCaseMain$startTestSuite$0.call(Unknown Source)
	at TempTestSuite1550506147558.run(TempTestSuite1550506147558.groovy:36)

2019-02-18 16:09:12.378 ERROR c.k.katalon.core.main.TestCaseExecutor   - ‚ùå Test Cases/Registro FAILED.
Reason:
com.kms.katalon.core.webui.exception.BrowserNotOpenedException: Browser is not opened
Build info: version: '3.7.1', revision: '8a0099a', time: '2017-11-06T21:07:36.161Z'
System info: host: 'a813f13ffbac', ip: '172.19.0.2', os.name: 'Linux', os.arch: 'amd64', os.version: '4.9.125-linuxkit', java.version: '1.8.0_181'
Driver info: driver.version: DriverFactory$getWebDriver
	at com.kms.katalon.core.webui.driver.DriverFactory.verifyWebDriverIsOpen(DriverFactory.java:599)
	at com.kms.katalon.core.webui.driver.DriverFactory.verifyWebDriver(DriverFactory.java:584)
	at com.kms.katalon.core.webui.driver.DriverFactory.getWebDriver(DriverFactory.java:570)
	at com.kms.katalon.core.webui.driver.DriverFactory$getWebDriver.call(Unknown Source)
	at Registro.run(Registro:30)
	at com.kms.katalon.core.main.ScriptEngine.run(ScriptEngine.java:194)
	at com.kms.katalon.core.main.ScriptEngine.runScriptAsRawText(ScriptEngine.java:119)
	at com.kms.katalon.core.main.TestCaseExecutor.runScript(TestCaseExecutor.java:328)
	at com.kms.katalon.core.main.TestCaseExecutor.doExecute(TestCaseExecutor.java:319)
	at com.kms.katalon.core.main.TestCaseExecutor.processExecutionPhase(TestCaseExecutor.java:298)
	at com.kms.katalon.core.main.TestCaseExecutor.accessMainPhase(TestCaseExecutor.java:290)
	at com.kms.katalon.core.main.TestCaseExecutor.execute(TestCaseExecutor.java:224)
	at com.kms.katalon.core.main.TestSuiteExecutor.accessTestCaseMainPhase(TestSuiteExecutor.java:129)
	at com.kms.katalon.core.main.TestSuiteExecutor.accessTestSuiteMainPhase(TestSuiteExecutor.java:112)
	at com.kms.katalon.core.main.TestSuiteExecutor.execute(TestSuiteExecutor.java:81)
	at com.kms.katalon.core.main.TestCaseMain.startTestSuite(TestCaseMain.java:149)
	at com.kms.katalon.core.main.TestCaseMain$startTestSuite$0.call(Unknown Source)
	at TempTestSuite1550506147558.run(TempTestSuite1550506147558.groovy:36)

2019-02-18 16:09:12.381 INFO  c.k.katalon.core.main.TestCaseExecutor   - END Test Cases/Registro
2019-02-18 16:09:12.421 INFO  c.k.katalon.core.main.TestSuiteExecutor  - --------------------
2019-02-18 16:09:12.421 INFO  c.k.katalon.core.main.TestSuiteExecutor  - END Test Suites/Hemovida
2019-02-18 16:09:12.421 INFO  c.k.katalon.core.main.TestSuiteExecutor  - ====================
Copying report to folder /var/jenkins_home/workspace/Teste_Automatizado/Hemovida/Reports...

--------------------------------------------------------------------------------
Test Suites/Hemovida - Chrome - 20190218_160907........................3/3(100%)
--------------------------------------------------------------------------------

Build step 'Execute shell' marked build as failure
Recording test results
Finished: FAILURE
