Started by user [8mha:////4KjuzxlrdQ9Q8J6nM5zitTIBZsZ88+3fH2N+o6Og511rAAAAlx+LCAAAAAAAAP9b85aBtbiIQTGjNKU4P08vOT+vOD8nVc83PyU1x6OyILUoJzMv2y+/JJUBAhiZGBgqihhk0NSjKDWzXb3RdlLBUSYGJk8GtpzUvPSSDB8G5tKinBIGIZ+sxLJE/ZzEvHT94JKizLx0a6BxUmjGOUNodHsLgAyOEgZu/dLi1CL9xJTczDwAg9OS0cAAAAA=[0mhemovida
Building in workspace /var/jenkins_home/workspace/Automa√ß√£o
using credential 99deba74-62ea-4c53-8828-e8389dccdc9b
Cloning the remote Git repository
Cloning repository https://gitlab.cast.com.br/datasus/hemovida/hemovida-web-testes.git
 > git init /var/jenkins_home/workspace/Automa√ß√£o # timeout=10
Fetching upstream changes from https://gitlab.cast.com.br/datasus/hemovida/hemovida-web-testes.git
 > git --version # timeout=10
using GIT_ASKPASS to set credentials 
 > git fetch --tags --progress https://gitlab.cast.com.br/datasus/hemovida/hemovida-web-testes.git +refs/heads/*:refs/remotes/origin/*
 > git config remote.origin.url https://gitlab.cast.com.br/datasus/hemovida/hemovida-web-testes.git # timeout=10
 > git config --add remote.origin.fetch +refs/heads/*:refs/remotes/origin/* # timeout=10
 > git config remote.origin.url https://gitlab.cast.com.br/datasus/hemovida/hemovida-web-testes.git # timeout=10
Fetching upstream changes from https://gitlab.cast.com.br/datasus/hemovida/hemovida-web-testes.git
using GIT_ASKPASS to set credentials 
 > git fetch --tags --progress https://gitlab.cast.com.br/datasus/hemovida/hemovida-web-testes.git +refs/heads/*:refs/remotes/origin/*
 > git rev-parse refs/remotes/origin/master^{commit} # timeout=10
 > git rev-parse refs/remotes/origin/origin/master^{commit} # timeout=10
Checking out Revision 7ab44a0146be4ee21588c67dcc443a7d6506dbd6 (refs/remotes/origin/master)
 > git config core.sparsecheckout # timeout=10
 > git checkout -f 7ab44a0146be4ee21588c67dcc443a7d6506dbd6
Commit message: "[UPDATE] Ajuste no gitignore"
First time build. Skipping changelog.
[Automa√ß√£o] $ /bin/sh -xe /tmp/jenkins6627225738838184067.sh
+ katalon -Djava.awt.headless=true --args -projectPath=/var/jenkins_home/workspace/Automa√ß√£o/Hemovida.prj -runMode=console -reportFolder=Reports -reportFileName=report -retry=0 -testSuitePath=/var/jenkins_home/workspace/Automa√ß√£o/Test Suites/Hemovida -browserType=Chrome
Delete folder: bin
Delete folder: Libs
Opening project file: /var/jenkins_home/workspace/Automa√ß√£o/Hemovida.prj
Request sent successfully.
[EL Warning]: 2019-03-20 21:36:01.871--Ignoring attribute [lastRun] on class [TestSuiteEntity] as no Property was generated for it.
Starting Groovy-Eclipse compiler resolver.  Specified compiler level: unspecified
166 2.4.7.xx-201611170128-e46 = ACTIVE
org.eclipse.core.internal.resources.ResourceException: Invalid project description.
	at org.eclipse.core.internal.resources.Project.checkDescription(Project.java:169)
	at org.eclipse.core.internal.resources.Project.assertCreateRequirements(Project.java:53)
	at org.eclipse.core.internal.resources.Project.create(Project.java:263)
	at org.eclipse.core.internal.resources.Project.create(Project.java:247)
	at com.kms.katalon.groovy.util.GroovyUtil.initGroovyProjectDescription(GroovyUtil.java:543)
	at com.kms.katalon.groovy.util.GroovyUtil.initGroovyProject(GroovyUtil.java:149)
	at com.kms.katalon.groovy.util.GroovyUtil.openGroovyProject(GroovyUtil.java:647)
	at com.kms.katalon.dal.fileservice.manager.ProjectFileServiceManager.openProject(ProjectFileServiceManager.java:79)
	at com.kms.katalon.dal.fileservice.dataprovider.ProjectFileServiceDataProvider.openProject(ProjectFileServiceDataProvider.java:24)
	at com.kms.katalon.controller.ProjectController.openProject(ProjectController.java:98)
	at com.kms.katalon.execution.console.ConsoleMain.getProject(ConsoleMain.java:258)
	at com.kms.katalon.execution.console.ConsoleMain.findProject(ConsoleMain.java:163)
	at com.kms.katalon.execution.console.ConsoleMain.launch(ConsoleMain.java:90)
	at com.kms.katalon.console.application.Application.runConsole(Application.java:76)
	at com.kms.katalon.core.application.Application.runConsole(Application.java:76)
	at com.kms.katalon.core.application.Application.start(Application.java:59)
	at org.eclipse.equinox.internal.app.EclipseAppHandle.run(EclipseAppHandle.java:196)
	at org.eclipse.core.runtime.internal.adaptor.EclipseAppLauncher.runApplication(EclipseAppLauncher.java:134)
	at org.eclipse.core.runtime.internal.adaptor.EclipseAppLauncher.start(EclipseAppLauncher.java:104)
	at org.eclipse.core.runtime.adaptor.EclipseStarter.run(EclipseStarter.java:388)
	at org.eclipse.core.runtime.adaptor.EclipseStarter.run(EclipseStarter.java:243)
	at sun.reflect.NativeMethodAccessorImpl.invoke0(Native Method)
	at sun.reflect.NativeMethodAccessorImpl.invoke(NativeMethodAccessorImpl.java:62)
	at sun.reflect.DelegatingMethodAccessorImpl.invoke(DelegatingMethodAccessorImpl.java:43)
	at java.lang.reflect.Method.invoke(Method.java:498)
	at org.eclipse.equinox.launcher.Main.invokeFramework(Main.java:673)
	at org.eclipse.equinox.launcher.Main.basicRun(Main.java:610)
	at org.eclipse.equinox.launcher.Main.run(Main.java:1519)
	at org.eclipse.equinox.launcher.Main.main(Main.java:1492)
Contains: OK
Contains: /var/jenkins_home/workspace/Automa√ß√£o overlaps the workspace location: /var/jenkins_home/workspace/Automa√ß√£o/config

Build step 'Execute shell' marked build as failure
Recording test results
Finished: FAILURE
