Started by user [8mha:////4JMcgApIUFlX1kidF0hslYnk0yH9rmyujIbXfZ/hgItPAAAAlx+LCAAAAAAAAP9b85aBtbiIQTGjNKU4P08vOT+vOD8nVc83PyU1x6OyILUoJzMv2y+/JJUBAhiZGBgqihhk0NSjKDWzXb3RdlLBUSYGJk8GtpzUvPSSDB8G5tKinBIGIZ+sxLJE/ZzEvHT94JKizLx0a6BxUmjGOUNodHsLgAzWEgZu/dLi1CL9xJTczDwAj6GcLcAAAAA=[0madmin
Building in workspace /var/jenkins_home/workspace/Teste Automatizado
 java -jar /var/jenkins_home/selenium-html-runner-3.141.59.jar -htmlSuite *googlechrome http://hemovida.local.saude.gov.br /var/jenkins_home/workspace/Teste Automatizado/suite.html /var/jenkins_home/workspace/Teste Automatizado/result/results.html
[Teste Automatizado] $ java -jar /var/jenkins_home/selenium-html-runner-3.141.59.jar -htmlSuite *googlechrome http://hemovida.local.saude.gov.br "/var/jenkins_home/workspace/Teste Automatizado/suite.html" "/var/jenkins_home/workspace/Teste Automatizado/result/results.html"
Multi-window mode is longer used as an option and will be ignored.
Feb 08, 2019 9:36:32 AM org.openqa.selenium.server.htmlrunner.HTMLLauncher mainInt
WARNING: Test of browser failed: *googlechrome
java.lang.IllegalStateException: The path to the driver executable must be set by the webdriver.chrome.driver system property; for more information, see https://github.com/SeleniumHQ/selenium/wiki/ChromeDriver. The latest version can be downloaded from http://chromedriver.storage.googleapis.com/index.html
	at com.google.common.base.Preconditions.checkState(Preconditions.java:847)
	at org.openqa.selenium.remote.service.DriverService.findExecutable(DriverService.java:134)
	at org.openqa.selenium.chrome.ChromeDriverService.access$000(ChromeDriverService.java:35)
	at org.openqa.selenium.chrome.ChromeDriverService$Builder.findDefaultExecutable(ChromeDriverService.java:159)
	at org.openqa.selenium.remote.service.DriverService$Builder.build(DriverService.java:355)
	at org.openqa.selenium.chrome.ChromeDriverService.createDefaultService(ChromeDriverService.java:94)
	at org.openqa.selenium.chrome.ChromeDriver.<init>(ChromeDriver.java:123)
	at org.openqa.selenium.server.htmlrunner.HTMLLauncher.createDriver(HTMLLauncher.java:306)
	at org.openqa.selenium.server.htmlrunner.HTMLLauncher.runHTMLSuite(HTMLLauncher.java:106)
	at org.openqa.selenium.server.htmlrunner.HTMLLauncher.mainInt(HTMLLauncher.java:253)
	at org.openqa.selenium.server.htmlrunner.HTMLLauncher.main(HTMLLauncher.java:281)

Publishing Selenium report...
ERROR: Step â€˜Publish Selenium Html Reportâ€™ failed: Missing directory result/*.html
Finished: FAILURE
