Started by user unknown or anonymous
Building in workspace /var/jenkins_home/workspace/Teste Automatizado
Xvfb starting$ Xvfb :1 -screen 0 1366x768x24 -fbdir /var/jenkins_home/xvfb-70-..fbdir2485997967147554763
[Teste Automatizado] $ /bin/sh -xe /tmp/jenkins8254605185764903753.sh
+ /var/jenkins_home/tools/katalon/katalon --args -runMode=console -projectPath=/var/jenkins_home/workspace/Teste Automatizado/Hemovida -reportFolder=Reports -reportFileName=report -retry=0 -testSuitePath=Test Suites/Hemovida -browserType=Chrome
_XSERVTransmkdir: Owner of /tmp/.X11-unix should be set to root
Delete folder: bin
Delete folder: Libs
Opening project file: /var/jenkins_home/workspace/Teste Automatizado/Hemovida/Hemovida.prj
[EL Warning]: 2019-02-11 14:30:33.59--Ignoring attribute [lastRun] on class [TestSuiteEntity] as no Property was generated for it.
Request sent successfully.
Starting Groovy-Eclipse compiler resolver.  Specified compiler level: unspecified
166 2.4.7.xx-201611170128-e46 = ACTIVE
Parsing custom keywords...
Generating global variables...
Project 'Hemovida' opened

--------------------------------------------------------------------------------
Test Suites/Hemovida - Chrome - 20190211_143040..........................0/1(0%)
--------------------------------------------------------------------------------

Request sent successfully.
2019-02-11 14:30:42.577 INFO  c.k.katalon.core.main.TestSuiteExecutor  - START Test Suites/Hemovida
2019-02-11 14:30:42.608 INFO  c.k.katalon.core.main.TestSuiteExecutor  - hostName = jenkins - 43a6fa939bd4
2019-02-11 14:30:42.608 INFO  c.k.katalon.core.main.TestSuiteExecutor  - os = Linux 64bit
2019-02-11 14:30:42.609 INFO  c.k.katalon.core.main.TestSuiteExecutor  - hostAddress = 172.19.0.2
2019-02-11 14:30:42.613 INFO  c.k.katalon.core.main.TestSuiteExecutor  - katalonVersion = 5.10.1.1
2019-02-11 14:30:42.854 INFO  c.k.katalon.core.main.TestCaseExecutor   - --------------------
2019-02-11 14:30:42.854 INFO  c.k.katalon.core.main.TestCaseExecutor   - START Test Cases/Login
2019-02-11 14:30:43.588 DEBUG testcase.Login                           - 1: openBrowser("http://hemovida.desenvolvimento.saude.gov/")
2019-02-11 14:30:45.493 INFO  c.k.k.core.webui.driver.DriverFactory    - Starting 'Chrome' driver
2019-02-11 14:30:45.504 INFO  c.k.k.core.webui.driver.DriverFactory    - Action delay is set to 0 seconds
Starting ChromeDriver 2.43.600233 (523efee95e3d68b8719b3a1c83051aa63aa6b10d) on port 23499
Only local connections are allowed.
[1549895446.222][SEVERE]: bind() returned an error, errno=0: Cannot assign requested address (99)

--------------------------------------------------------------------------------
Test Suites/Hemovida - Chrome - 20190211_143040..........................0/1(0%)
--------------------------------------------------------------------------------

Feb 11, 2019 2:31:05 PM org.openqa.selenium.remote.ProtocolHandshake createSession
INFO: Detected dialect: OSS
2019-02-11 14:31:05.123 INFO  c.k.k.core.webui.driver.DriverFactory    - sessionId = 2c36a111bcf80f3670586c7a82d84fae
2019-02-11 14:31:05.165 INFO  c.k.k.core.webui.driver.DriverFactory    - browser = Chrome 72.0.3626.96
2019-02-11 14:31:05.166 INFO  c.k.k.core.webui.driver.DriverFactory    - platform = Linux
2019-02-11 14:31:05.171 INFO  c.k.k.core.webui.driver.DriverFactory    - seleniumVersion = 3.7.1
2019-02-11 14:31:05.172 INFO  c.k.k.core.webui.driver.DriverFactory    - proxyInformation = ProxyInformation{proxyOption=NO_PROXY, proxyServerType=HTTP, password=, proxyServerAddress=, proxyServerPort=0}
2019-02-11 14:31:06.436 DEBUG testcase.Login                           - 2: driver = getWebDriver()
2019-02-11 14:31:06.459 DEBUG testcase.Login                           - 3: baseUrl = "http://hemovida.localsaude.gov.br"
2019-02-11 14:31:06.459 DEBUG testcase.Login                           - 4: selenium = new com.thoughtworks.selenium.webdriven.WebDriverBackedSelenium(driver, baseUrl)
2019-02-11 14:31:06.513 DEBUG testcase.Login                           - 5: selenium.click("//a[4]/img")
2019-02-11 14:31:06.655 ERROR c.k.katalon.core.main.TestCaseExecutor   - ❌ selenium.click("//a[4]/img") FAILED.
Reason:
com.thoughtworks.selenium.SeleniumException: Element //a[4]/img not found
	at com.thoughtworks.selenium.webdriven.ElementFinder.findElement(ElementFinder.java:93)
	at com.thoughtworks.selenium.webdriven.commands.Click.handleSeleneseCommand(Click.java:39)
	at com.thoughtworks.selenium.webdriven.commands.Click.handleSeleneseCommand(Click.java:26)
	at com.thoughtworks.selenium.webdriven.SeleneseCommand.apply(SeleneseCommand.java:36)
	at com.thoughtworks.selenium.webdriven.Timer.run(Timer.java:41)
	at com.thoughtworks.selenium.webdriven.WebDriverCommandProcessor.execute(WebDriverCommandProcessor.java:150)
	at com.thoughtworks.selenium.webdriven.WebDriverCommandProcessor.doCommand(WebDriverCommandProcessor.java:76)
	at com.thoughtworks.selenium.DefaultSelenium.click(DefaultSelenium.java:198)
	at com.thoughtworks.selenium.Selenium$click.call(Unknown Source)
	at Login.run(Login:38)
	at com.kms.katalon.core.main.ScriptEngine.run(ScriptEngine.java:194)
	at com.kms.katalon.core.main.ScriptEngine.runScriptAsRawText(ScriptEngine.java:119)
	at com.kms.katalon.core.main.TestCaseExecutor.runScript(TestCaseExecutor.java:328)
	at com.kms.katalon.core.main.TestCaseExecutor.doExecute(TestCaseExecutor.java:319)
	at com.kms.katalon.core.main.TestCaseExecutor.processExecutionPhase(TestCaseExecutor.java:298)
	at com.kms.katalon.core.main.TestCaseExecutor.accessMainPhase(TestCaseExecutor.java:290)
	at com.kms.katalon.core.main.TestCaseExecutor.execute(TestCaseExecutor.java:224)
	at com.kms.katalon.core.main.TestSuiteExecutor.accessTestCaseMainPhase(TestSuiteExecutor.java:129)
	at com.kms.katalon.core.main.TestSuiteExecutor.accessTestSuiteMainPhase(TestSuiteExecutor.java:112)
	at com.kms.katalon.core.main.TestSuiteExecutor.execute(TestSuiteExecutor.java:81)
	at com.kms.katalon.core.main.TestCaseMain.startTestSuite(TestCaseMain.java:149)
	at com.kms.katalon.core.main.TestCaseMain$startTestSuite$0.call(Unknown Source)
	at TempTestSuite1549895440799.run(TempTestSuite1549895440799.groovy:36)
Caused by: org.openqa.selenium.NoSuchElementException: Cannot find an element with the xpath: //a[4]/img
For documentation on this error, please visit: http://seleniumhq.org/exceptions/no_such_element.html
Build info: version: '3.7.1', revision: '8a0099a', time: '2017-11-06T21:07:36.161Z'
System info: host: '43a6fa939bd4', ip: '172.19.0.2', os.name: 'Linux', os.arch: 'amd64', os.version: '4.9.125-linuxkit', java.version: '1.8.0_181'
Driver info: driver.version: unknown
	at com.thoughtworks.selenium.webdriven.ElementFinder.xpathWizardry(ElementFinder.java:143)
	at com.thoughtworks.selenium.webdriven.ElementFinder.findElementDirectlyIfNecessary(ElementFinder.java:117)
	at com.thoughtworks.selenium.webdriven.ElementFinder.findElement(ElementFinder.java:87)
	at com.thoughtworks.selenium.webdriven.commands.Click.handleSeleneseCommand(Click.java:39)
	at com.thoughtworks.selenium.webdriven.commands.Click.handleSeleneseCommand(Click.java:26)
	at com.thoughtworks.selenium.webdriven.SeleneseCommand.apply(SeleneseCommand.java:36)
	at com.thoughtworks.selenium.webdriven.Timer.run(Timer.java:41)
	at com.thoughtworks.selenium.webdriven.WebDriverCommandProcessor.execute(WebDriverCommandProcessor.java:150)
	at com.thoughtworks.selenium.webdriven.WebDriverCommandProcessor.doCommand(WebDriverCommandProcessor.java:76)
	at com.thoughtworks.selenium.DefaultSelenium.click(DefaultSelenium.java:198)
	at com.thoughtworks.selenium.Selenium$click.call(Unknown Source)
	at Script1549630494051.run(Script1549630494051.groovy:38)
	... 13 more

2019-02-11 14:31:06.658 ERROR c.k.katalon.core.main.TestCaseExecutor   - ❌ Test Cases/Login FAILED.
Reason:
com.thoughtworks.selenium.SeleniumException: Element //a[4]/img not found
	at com.thoughtworks.selenium.webdriven.ElementFinder.findElement(ElementFinder.java:93)
	at com.thoughtworks.selenium.webdriven.commands.Click.handleSeleneseCommand(Click.java:39)
	at com.thoughtworks.selenium.webdriven.commands.Click.handleSeleneseCommand(Click.java:26)
	at com.thoughtworks.selenium.webdriven.SeleneseCommand.apply(SeleneseCommand.java:36)
	at com.thoughtworks.selenium.webdriven.Timer.run(Timer.java:41)
	at com.thoughtworks.selenium.webdriven.WebDriverCommandProcessor.execute(WebDriverCommandProcessor.java:150)
	at com.thoughtworks.selenium.webdriven.WebDriverCommandProcessor.doCommand(WebDriverCommandProcessor.java:76)
	at com.thoughtworks.selenium.DefaultSelenium.click(DefaultSelenium.java:198)
	at com.thoughtworks.selenium.Selenium$click.call(Unknown Source)
	at Login.run(Login:38)
	at com.kms.katalon.core.main.ScriptEngine.run(ScriptEngine.java:194)
	at com.kms.katalon.core.main.ScriptEngine.runScriptAsRawText(ScriptEngine.java:119)
	at com.kms.katalon.core.main.TestCaseExecutor.runScript(TestCaseExecutor.java:328)
	at com.kms.katalon.core.main.TestCaseExecutor.doExecute(TestCaseExecutor.java:319)
	at com.kms.katalon.core.main.TestCaseExecutor.processExecutionPhase(TestCaseExecutor.java:298)
	at com.kms.katalon.core.main.TestCaseExecutor.accessMainPhase(TestCaseExecutor.java:290)
	at com.kms.katalon.core.main.TestCaseExecutor.execute(TestCaseExecutor.java:224)
	at com.kms.katalon.core.main.TestSuiteExecutor.accessTestCaseMainPhase(TestSuiteExecutor.java:129)
	at com.kms.katalon.core.main.TestSuiteExecutor.accessTestSuiteMainPhase(TestSuiteExecutor.java:112)
	at com.kms.katalon.core.main.TestSuiteExecutor.execute(TestSuiteExecutor.java:81)
	at com.kms.katalon.core.main.TestCaseMain.startTestSuite(TestCaseMain.java:149)
	at com.kms.katalon.core.main.TestCaseMain$startTestSuite$0.call(Unknown Source)
	at TempTestSuite1549895440799.run(TempTestSuite1549895440799.groovy:36)
Caused by: org.openqa.selenium.NoSuchElementException: Cannot find an element with the xpath: //a[4]/img
For documentation on this error, please visit: http://seleniumhq.org/exceptions/no_such_element.html
Build info: version: '3.7.1', revision: '8a0099a', time: '2017-11-06T21:07:36.161Z'
System info: host: '43a6fa939bd4', ip: '172.19.0.2', os.name: 'Linux', os.arch: 'amd64', os.version: '4.9.125-linuxkit', java.version: '1.8.0_181'
Driver info: driver.version: unknown
	at com.thoughtworks.selenium.webdriven.ElementFinder.xpathWizardry(ElementFinder.java:143)
	at com.thoughtworks.selenium.webdriven.ElementFinder.findElementDirectlyIfNecessary(ElementFinder.java:117)
	at com.thoughtworks.selenium.webdriven.ElementFinder.findElement(ElementFinder.java:87)
	at com.thoughtworks.selenium.webdriven.commands.Click.handleSeleneseCommand(Click.java:39)
	at com.thoughtworks.selenium.webdriven.commands.Click.handleSeleneseCommand(Click.java:26)
	at com.thoughtworks.selenium.webdriven.SeleneseCommand.apply(SeleneseCommand.java:36)
	at com.thoughtworks.selenium.webdriven.Timer.run(Timer.java:41)
	at com.thoughtworks.selenium.webdriven.WebDriverCommandProcessor.execute(WebDriverCommandProcessor.java:150)
	at com.thoughtworks.selenium.webdriven.WebDriverCommandProcessor.doCommand(WebDriverCommandProcessor.java:76)
	at com.thoughtworks.selenium.DefaultSelenium.click(DefaultSelenium.java:198)
	at com.thoughtworks.selenium.Selenium$click.call(Unknown Source)
	at Script1549630494051.run(Script1549630494051.groovy:38)
	... 13 more

2019-02-11 14:31:06.666 INFO  c.k.katalon.core.main.TestCaseExecutor   - END Test Cases/Login
2019-02-11 14:31:06.767 INFO  c.k.katalon.core.main.TestSuiteExecutor  - --------------------
2019-02-11 14:31:06.767 INFO  c.k.katalon.core.main.TestSuiteExecutor  - END Test Suites/Hemovida
2019-02-11 14:31:06.767 INFO  c.k.katalon.core.main.TestSuiteExecutor  - ====================
Copying report to folder /var/jenkins_home/workspace/Teste Automatizado/Hemovida/Reports...

--------------------------------------------------------------------------------
Test Suites/Hemovida - Chrome - 20190211_143040........................1/1(100%)
--------------------------------------------------------------------------------

Build step 'Execute shell' marked build as failure
Recording test results
Xvfb stopping
unlink: No such file or directory
unlink /var/jenkins_home/xvfb-70-..fbdir2485997967147554763/Xvfb_screen0 failed, Invalid argumentFinished: FAILURE
